2020-03-31 14:18:25.360074: I tensorflow/stream_executor/platform/default/dso_loader.cc:44] Successfully opened dynamic library libcudart.so.10.1
--------------------------------------------------------------------------
A process has executed an operation involving a call to the
"fork()" system call to create a child process.  Open MPI is currently
operating in a condition that could result in memory corruption or
other system errors; your job may hang, crash, or produce silent
data corruption.  The use of fork() (or system() or other calls that
create child processes) is strongly discouraged.

The process that invoked fork was:

  Local host:          [[30436,0],0] (PID 65085)

If you are *absolutely sure* that your application will successfully
and correctly survive a call to fork(), you may disable this warning
by setting the mpi_warn_on_fork MCA parameter to 0.
--------------------------------------------------------------------------
INFO - dme - Running command 'run'
INFO - dme - Started run with ID "12"
WARNING:tensorflow:From /nfs/cluster/easybuild/software/TensorFlow/1.15.2-fosscuda-2019b-Python-3.7.4/lib/python3.7/site-packages/tensorflow_core/python/ops/resource_variable_ops.py:1630: calling BaseResourceVariable.__init__ (from tensorflow.python.ops.resource_variable_ops) with constraint is deprecated and will be removed in a future version.
Instructions for updating:
If using Keras pass *_constraint arguments to layers.
WARNING - tensorflow - From /nfs/cluster/easybuild/software/TensorFlow/1.15.2-fosscuda-2019b-Python-3.7.4/lib/python3.7/site-packages/tensorflow_core/python/ops/resource_variable_ops.py:1630: calling BaseResourceVariable.__init__ (from tensorflow.python.ops.resource_variable_ops) with constraint is deprecated and will be removed in a future version.
Instructions for updating:
If using Keras pass *_constraint arguments to layers.
2020-03-31 14:18:50.911944: I tensorflow/stream_executor/platform/default/dso_loader.cc:44] Successfully opened dynamic library libcuda.so.1
2020-03-31 14:18:50.937843: E tensorflow/stream_executor/cuda/cuda_driver.cc:318] failed call to cuInit: CUDA_ERROR_NOT_INITIALIZED: initialization error
2020-03-31 14:18:50.937931: I tensorflow/stream_executor/cuda/cuda_diagnostics.cc:169] retrieving CUDA diagnostic information for host: clara29.sc.uni-leipzig.de
2020-03-31 14:18:50.937982: I tensorflow/stream_executor/cuda/cuda_diagnostics.cc:176] hostname: clara29.sc.uni-leipzig.de
2020-03-31 14:18:50.938162: I tensorflow/stream_executor/cuda/cuda_diagnostics.cc:200] libcuda reported version is: 440.33.1
2020-03-31 14:18:50.938266: I tensorflow/stream_executor/cuda/cuda_diagnostics.cc:204] kernel reported version is: 440.33.1
2020-03-31 14:18:50.938314: I tensorflow/stream_executor/cuda/cuda_diagnostics.cc:310] kernel version seems to match DSO: 440.33.1
2020-03-31 14:18:50.940403: I tensorflow/core/common_runtime/process_util.cc:115] Creating new thread pool with default inter op setting: 2. Tune using inter_op_parallelism_threads for best performance.
WARNING:tensorflow:From /nfs/cluster/easybuild/software/TensorFlow/1.15.2-fosscuda-2019b-Python-3.7.4/lib/python3.7/site-packages/tensorflow_core/python/ops/math_grad.py:1424: where (from tensorflow.python.ops.array_ops) is deprecated and will be removed in a future version.
Instructions for updating:
Use tf.where in 2.0, which has the same broadcast rule as np.where
WARNING - tensorflow - From /nfs/cluster/easybuild/software/TensorFlow/1.15.2-fosscuda-2019b-Python-3.7.4/lib/python3.7/site-packages/tensorflow_core/python/ops/math_grad.py:1424: where (from tensorflow.python.ops.array_ops) is deprecated and will be removed in a future version.
Instructions for updating:
Use tf.where in 2.0, which has the same broadcast rule as np.where
Start experiment: dme - surgery_yes - surgery_no - evenly distributed examples
Seed: 90
Loaded 80 files for dmenr and got 0 ids!
Loaded 29 files for dmer and got 0 ids!
Number of total eyes: 109
###### K-Fold split:  0
train indexes:  ['A001', 'A002', 'A007', 'A026', 'A027', 'A028', 'A030', 'A034', 'A035', 'A037', 'A042', 'A044', 'A045', 'A047', 'A051', 'A059', 'A063', 'A064', 'A067', 'A080', 'A092', 'A105', 'A106', 'A004', 'A005', 'A006', 'A008', 'A009', 'A010', 'A011', 'A012', 'A013', 'A014', 'A016', 'A017', 'A020', 'A023', 'A024', 'A029', 'A031', 'A032', 'A033', 'A036', 'A039', 'A040', 'A041', 'A043', 'A046', 'A048', 'A049', 'A050', 'A052', 'A054', 'A055', 'A056', 'A057', 'A058', 'A060', 'A062', 'A068', 'A069', 'A070', 'A071', 'A072', 'A073', 'A075', 'A077', 'A081', 'A082', 'A084', 'A085', 'A086', 'A088', 'A089', 'A091', 'A094', 'A095', 'A097', 'A100', 'A102', 'A103', 'A104', 'A107', 'A108', 'A109', 'A110', 'A111']
test indexes:  ['A015', 'A019', 'A066', 'A087', 'A090', 'A101', 'A003', 'A021', 'A022', 'A025', 'A038', 'A053', 'A061', 'A065', 'A074', 'A076', 'A079', 'A083', 'A093', 'A096', 'A098', 'A099']
test length (X/Y):  7 22
Epoch 1/100
Epoch 1/100
22/6 - 25s - loss: 0.1202 - ca: 0.6366
6/6 - 308s - loss: 0.3549 - ca: 0.4788 - val_loss: 0.1612 - val_ca: 0.6366
Epoch 2/100
Epoch 1/100
22/6 - 9s - loss: 0.1216 - ca: 0.6343
6/6 - 188s - loss: 0.3047 - ca: 0.5194 - val_loss: 0.1619 - val_ca: 0.6343
Epoch 3/100
Epoch 1/100
22/6 - 9s - loss: 0.1260 - ca: 0.6273
6/6 - 193s - loss: 0.3172 - ca: 0.5136 - val_loss: 0.1642 - val_ca: 0.6273
Epoch 4/100
Epoch 1/100
22/6 - 8s - loss: 0.1294 - ca: 0.6222
6/6 - 192s - loss: 0.2960 - ca: 0.5444 - val_loss: 0.1660 - val_ca: 0.6222
Epoch 5/100
Epoch 1/100
22/6 - 9s - loss: 0.1333 - ca: 0.6165
6/6 - 194s - loss: 0.2931 - ca: 0.5376 - val_loss: 0.1682 - val_ca: 0.6165
Epoch 6/100
Epoch 1/100
22/6 - 9s - loss: 0.1360 - ca: 0.6128
6/6 - 196s - loss: 0.2738 - ca: 0.5703 - val_loss: 0.1698 - val_ca: 0.6128
Epoch 7/100
Epoch 1/100
22/6 - 9s - loss: 0.1388 - ca: 0.6089
6/6 - 185s - loss: 0.2627 - ca: 0.5772 - val_loss: 0.1715 - val_ca: 0.6089
Epoch 8/100
Epoch 1/100
22/6 - 8s - loss: 0.1424 - ca: 0.6042
6/6 - 190s - loss: 0.2566 - ca: 0.5771 - val_loss: 0.1736 - val_ca: 0.6042
Epoch 9/100
Epoch 1/100
22/6 - 8s - loss: 0.1482 - ca: 0.5968
6/6 - 194s - loss: 0.2208 - ca: 0.6159 - val_loss: 0.1772 - val_ca: 0.5968
Epoch 10/100
Epoch 1/100
22/6 - 8s - loss: 0.1479 - ca: 0.5972
6/6 - 195s - loss: 0.2366 - ca: 0.5830 - val_loss: 0.1770 - val_ca: 0.5972
Epoch 11/100
Epoch 1/100
22/6 - 9s - loss: 0.1433 - ca: 0.6031
6/6 - 194s - loss: 0.2502 - ca: 0.5795 - val_loss: 0.1742 - val_ca: 0.6031
Epoch 12/100
Epoch 1/100
22/6 - 8s - loss: 0.1426 - ca: 0.6041
6/6 - 198s - loss: 0.1610 - ca: 0.6792 - val_loss: 0.1739 - val_ca: 0.6041
Epoch 13/100
Epoch 1/100
22/6 - 8s - loss: 0.1456 - ca: 0.6003
6/6 - 197s - loss: 0.2506 - ca: 0.5988 - val_loss: 0.1759 - val_ca: 0.6003
Epoch 14/100
Epoch 1/100
22/6 - 8s - loss: 0.1482 - ca: 0.5970
6/6 - 200s - loss: 0.2504 - ca: 0.5915 - val_loss: 0.1774 - val_ca: 0.5970
Epoch 15/100
Epoch 1/100
22/6 - 8s - loss: 0.1501 - ca: 0.5946
6/6 - 189s - loss: 0.2302 - ca: 0.6134 - val_loss: 0.1787 - val_ca: 0.5946
Epoch 16/100
Epoch 1/100
22/6 - 9s - loss: 0.1544 - ca: 0.5893
6/6 - 192s - loss: 0.2282 - ca: 0.6246 - val_loss: 0.1816 - val_ca: 0.5893
Epoch 17/100
Epoch 1/100
22/6 - 9s - loss: 0.1545 - ca: 0.5893
6/6 - 189s - loss: 0.2142 - ca: 0.6264 - val_loss: 0.1819 - val_ca: 0.5893
Epoch 18/100
Epoch 1/100
22/6 - 9s - loss: 0.1533 - ca: 0.5909
6/6 - 189s - loss: 0.1815 - ca: 0.6472 - val_loss: 0.1812 - val_ca: 0.5909
Epoch 19/100
Epoch 1/100
22/6 - 9s - loss: 0.1466 - ca: 0.5998
6/6 - 192s - loss: 0.1698 - ca: 0.6781 - val_loss: 0.1779 - val_ca: 0.5998
Epoch 20/100
Epoch 1/100
22/6 - 8s - loss: 0.1464 - ca: 0.6004
6/6 - 191s - loss: 0.2044 - ca: 0.6528 - val_loss: 0.1780 - val_ca: 0.6004
Epoch 21/100
Epoch 1/100
22/6 - 9s - loss: 0.1440 - ca: 0.6027
6/6 - 197s - loss: 0.1890 - ca: 0.6619 - val_loss: 0.1766 - val_ca: 0.6027
Epoch 22/100
Epoch 1/100
22/6 - 8s - loss: 0.1487 - ca: 0.5972
6/6 - 194s - loss: 0.2069 - ca: 0.6259 - val_loss: 0.1804 - val_ca: 0.5972
Epoch 23/100
Epoch 1/100
22/6 - 8s - loss: 0.1356 - ca: 0.6142
6/6 - 196s - loss: 0.1488 - ca: 0.6770 - val_loss: 0.1743 - val_ca: 0.6142
Epoch 24/100
Epoch 1/100
22/6 - 9s - loss: 0.1290 - ca: 0.6221
6/6 - 193s - loss: 0.1701 - ca: 0.6884 - val_loss: 0.1704 - val_ca: 0.6221
Epoch 25/100
Epoch 1/100
22/6 - 8s - loss: 0.1281 - ca: 0.6238
6/6 - 195s - loss: 0.1780 - ca: 0.6834 - val_loss: 0.1699 - val_ca: 0.6238
Epoch 26/100
Epoch 1/100
22/6 - 8s - loss: 0.1222 - ca: 0.6340
6/6 - 192s - loss: 0.1378 - ca: 0.7146 - val_loss: 0.1679 - val_ca: 0.6340
Epoch 27/100
Epoch 1/100
22/6 - 9s - loss: 0.1223 - ca: 0.6325
6/6 - 201s - loss: 0.1719 - ca: 0.6712 - val_loss: 0.1667 - val_ca: 0.6325
Epoch 28/100
Epoch 1/100
22/6 - 9s - loss: 0.1215 - ca: 0.6325
6/6 - 190s - loss: 0.1770 - ca: 0.6703 - val_loss: 0.1655 - val_ca: 0.6325
Epoch 29/100
Epoch 1/100
22/6 - 8s - loss: 0.1236 - ca: 0.6288
6/6 - 192s - loss: 0.2143 - ca: 0.6161 - val_loss: 0.1676 - val_ca: 0.6288
Epoch 30/100
Epoch 1/100
22/6 - 9s - loss: 0.1321 - ca: 0.6149
6/6 - 192s - loss: 0.1789 - ca: 0.6638 - val_loss: 0.1708 - val_ca: 0.6149
Epoch 31/100
Epoch 1/100
22/6 - 9s - loss: 0.1204 - ca: 0.6335
6/6 - 197s - loss: 0.1439 - ca: 0.6961 - val_loss: 0.1672 - val_ca: 0.6335
Epoch 32/100
Epoch 1/100
22/6 - 9s - loss: 0.1377 - ca: 0.6113
6/6 - 199s - loss: 0.2059 - ca: 0.6447 - val_loss: 0.1786 - val_ca: 0.6113
Epoch 33/100
Epoch 1/100
22/6 - 8s - loss: 0.1390 - ca: 0.6100
6/6 - 193s - loss: 0.1939 - ca: 0.6561 - val_loss: 0.1805 - val_ca: 0.6100
Epoch 34/100
Epoch 1/100
22/6 - 8s - loss: 0.1421 - ca: 0.6051
6/6 - 192s - loss: 0.2091 - ca: 0.6155 - val_loss: 0.1820 - val_ca: 0.6051
Epoch 35/100
Epoch 1/100
22/6 - 8s - loss: 0.1351 - ca: 0.6136
6/6 - 197s - loss: 0.1569 - ca: 0.6804 - val_loss: 0.1784 - val_ca: 0.6136
Epoch 36/100
Epoch 1/100
22/6 - 8s - loss: 0.1315 - ca: 0.6180
6/6 - 192s - loss: 0.1448 - ca: 0.7026 - val_loss: 0.1757 - val_ca: 0.6180
Epoch 37/100
Epoch 1/100
22/6 - 8s - loss: 0.1211 - ca: 0.6370
6/6 - 190s - loss: 0.1802 - ca: 0.6705 - val_loss: 0.1739 - val_ca: 0.6370
Epoch 38/100
Epoch 1/100
22/6 - 8s - loss: 0.1034 - ca: 0.6717
6/6 - 197s - loss: 0.1205 - ca: 0.7612 - val_loss: 0.1675 - val_ca: 0.6717
Epoch 39/100
Epoch 1/100
22/6 - 8s - loss: 0.1194 - ca: 0.6374
6/6 - 194s - loss: 0.2225 - ca: 0.6506 - val_loss: 0.1719 - val_ca: 0.6374
Epoch 40/100
Epoch 1/100
22/6 - 8s - loss: 0.1162 - ca: 0.6505
6/6 - 201s - loss: 0.1604 - ca: 0.6973 - val_loss: 0.1763 - val_ca: 0.6505
Epoch 41/100
Epoch 1/100
22/6 - 8s - loss: 0.1178 - ca: 0.6479
6/6 - 189s - loss: 0.1414 - ca: 0.7245 - val_loss: 0.1783 - val_ca: 0.6479
Epoch 42/100
Epoch 1/100
22/6 - 8s - loss: 0.1279 - ca: 0.6384
6/6 - 193s - loss: 0.1791 - ca: 0.6855 - val_loss: 0.1864 - val_ca: 0.6384
Epoch 43/100
Epoch 1/100
22/6 - 8s - loss: 0.1296 - ca: 0.6279
6/6 - 187s - loss: 0.1717 - ca: 0.6787 - val_loss: 0.1837 - val_ca: 0.6279
Epoch 44/100
Epoch 1/100
22/6 - 9s - loss: 0.1289 - ca: 0.6291
6/6 - 191s - loss: 0.1634 - ca: 0.6844 - val_loss: 0.1819 - val_ca: 0.6291
Epoch 45/100
Epoch 1/100
22/6 - 9s - loss: 0.1173 - ca: 0.6541
6/6 - 192s - loss: 0.1284 - ca: 0.7284 - val_loss: 0.1790 - val_ca: 0.6541
Epoch 46/100
Epoch 1/100
22/6 - 8s - loss: 0.1282 - ca: 0.6378
6/6 - 192s - loss: 0.1860 - ca: 0.6682 - val_loss: 0.1843 - val_ca: 0.6378
Epoch 47/100
Epoch 1/100
22/6 - 9s - loss: 0.1191 - ca: 0.6516
6/6 - 196s - loss: 0.1720 - ca: 0.6811 - val_loss: 0.1779 - val_ca: 0.6516
Epoch 48/100
Epoch 1/100
22/6 - 9s - loss: 0.1114 - ca: 0.6718
6/6 - 192s - loss: 0.1199 - ca: 0.7380 - val_loss: 0.1792 - val_ca: 0.6718
Epoch 49/100
Epoch 1/100
22/6 - 9s - loss: 0.1259 - ca: 0.6530
6/6 - 190s - loss: 0.1377 - ca: 0.7367 - val_loss: 0.1891 - val_ca: 0.6530
Epoch 50/100
Epoch 1/100
22/6 - 8s - loss: 0.1141 - ca: 0.6708
6/6 - 191s - loss: 0.1355 - ca: 0.7235 - val_loss: 0.1837 - val_ca: 0.6708
Epoch 51/100
Epoch 1/100
22/6 - 8s - loss: 0.1033 - ca: 0.6964
6/6 - 199s - loss: 0.1201 - ca: 0.7495 - val_loss: 0.1805 - val_ca: 0.6964
Epoch 52/100
Epoch 1/100
22/6 - 9s - loss: 0.1245 - ca: 0.6717
6/6 - 192s - loss: 0.1423 - ca: 0.7288 - val_loss: 0.1966 - val_ca: 0.6717
Epoch 53/100
Epoch 1/100
22/6 - 8s - loss: 0.1276 - ca: 0.6623
6/6 - 192s - loss: 0.1955 - ca: 0.6815 - val_loss: 0.1976 - val_ca: 0.6623
Epoch 54/100
Epoch 1/100
22/6 - 8s - loss: 0.1099 - ca: 0.6848
6/6 - 194s - loss: 0.1418 - ca: 0.7301 - val_loss: 0.1871 - val_ca: 0.6848
Epoch 55/100
Epoch 1/100
22/6 - 8s - loss: 0.1019 - ca: 0.6946
6/6 - 197s - loss: 0.1552 - ca: 0.7232 - val_loss: 0.1793 - val_ca: 0.6946
Epoch 56/100
Epoch 1/100
22/6 - 8s - loss: 0.0950 - ca: 0.7285
6/6 - 194s - loss: 0.1150 - ca: 0.7502 - val_loss: 0.1808 - val_ca: 0.7285
Epoch 57/100
Epoch 1/100
22/6 - 9s - loss: 0.0963 - ca: 0.7109
6/6 - 194s - loss: 0.1884 - ca: 0.6872 - val_loss: 0.1758 - val_ca: 0.7109
Epoch 58/100
Epoch 1/100
22/6 - 8s - loss: 0.1018 - ca: 0.7105
6/6 - 202s - loss: 0.1362 - ca: 0.7256 - val_loss: 0.1857 - val_ca: 0.7105
Epoch 59/100
Epoch 1/100
22/6 - 8s - loss: 0.1104 - ca: 0.6839
6/6 - 195s - loss: 0.1823 - ca: 0.6865 - val_loss: 0.1857 - val_ca: 0.6839
Epoch 60/100
Epoch 1/100
22/6 - 9s - loss: 0.1019 - ca: 0.7001
6/6 - 197s - loss: 0.1472 - ca: 0.7109 - val_loss: 0.1810 - val_ca: 0.7001
Epoch 61/100
Epoch 1/100
22/6 - 9s - loss: 0.1003 - ca: 0.7065
6/6 - 189s - loss: 0.1127 - ca: 0.7459 - val_loss: 0.1809 - val_ca: 0.7065
Epoch 62/100
Epoch 1/100
22/6 - 9s - loss: 0.0976 - ca: 0.7180
6/6 - 195s - loss: 0.1653 - ca: 0.7107 - val_loss: 0.1819 - val_ca: 0.7180
Epoch 63/100
Epoch 1/100
22/6 - 9s - loss: 0.1007 - ca: 0.7210
6/6 - 190s - loss: 0.1095 - ca: 0.7664 - val_loss: 0.1893 - val_ca: 0.7210
Epoch 64/100
Epoch 1/100
22/6 - 9s - loss: 0.1041 - ca: 0.7064
6/6 - 190s - loss: 0.1318 - ca: 0.7473 - val_loss: 0.1897 - val_ca: 0.7064
Epoch 65/100
Epoch 1/100
22/6 - 8s - loss: 0.1029 - ca: 0.7013
6/6 - 193s - loss: 0.1535 - ca: 0.7201 - val_loss: 0.1860 - val_ca: 0.7013
Epoch 66/100
Epoch 1/100
22/6 - 9s - loss: 0.1041 - ca: 0.7100
6/6 - 191s - loss: 0.1053 - ca: 0.7653 - val_loss: 0.1916 - val_ca: 0.7100
Epoch 67/100
Epoch 1/100
22/6 - 9s - loss: 0.1011 - ca: 0.7236
6/6 - 200s - loss: 0.1467 - ca: 0.7201 - val_loss: 0.1921 - val_ca: 0.7236
Epoch 68/100
Epoch 1/100
22/6 - 9s - loss: 0.1022 - ca: 0.7015
6/6 - 193s - loss: 0.1556 - ca: 0.7168 - val_loss: 0.1852 - val_ca: 0.7015
Epoch 69/100
Epoch 1/100
22/6 - 9s - loss: 0.1003 - ca: 0.7137
6/6 - 196s - loss: 0.1270 - ca: 0.7501 - val_loss: 0.1871 - val_ca: 0.7137
Epoch 70/100
Epoch 1/100
22/6 - 9s - loss: 0.1060 - ca: 0.6915
6/6 - 190s - loss: 0.1553 - ca: 0.7186 - val_loss: 0.1897 - val_ca: 0.6915
Epoch 71/100
Epoch 1/100
22/6 - 9s - loss: 0.1069 - ca: 0.6955
6/6 - 196s - loss: 0.1795 - ca: 0.6954 - val_loss: 0.1918 - val_ca: 0.6955
Epoch 72/100
Epoch 1/100
22/6 - 8s - loss: 0.0983 - ca: 0.7097
6/6 - 191s - loss: 0.1485 - ca: 0.7227 - val_loss: 0.1813 - val_ca: 0.7097
Epoch 73/100
Epoch 1/100
22/6 - 9s - loss: 0.1009 - ca: 0.7056
6/6 - 197s - loss: 0.1315 - ca: 0.7353 - val_loss: 0.1851 - val_ca: 0.7056
Epoch 74/100
Epoch 1/100
22/6 - 9s - loss: 0.1028 - ca: 0.7096
6/6 - 196s - loss: 0.1330 - ca: 0.7543 - val_loss: 0.1899 - val_ca: 0.7096
Epoch 75/100
Epoch 1/100
22/6 - 9s - loss: 0.1074 - ca: 0.7108
6/6 - 197s - loss: 0.0914 - ca: 0.7936 - val_loss: 0.1961 - val_ca: 0.7108
Epoch 76/100
Epoch 1/100
22/6 - 8s - loss: 0.1116 - ca: 0.6848
6/6 - 198s - loss: 0.1203 - ca: 0.7652 - val_loss: 0.1954 - val_ca: 0.6848
Epoch 77/100
Epoch 1/100
22/6 - 9s - loss: 0.1246 - ca: 0.6825
6/6 - 196s - loss: 0.1152 - ca: 0.7788 - val_loss: 0.2058 - val_ca: 0.6825
Epoch 78/100
Epoch 1/100
22/6 - 9s - loss: 0.1261 - ca: 0.6989
6/6 - 193s - loss: 0.1481 - ca: 0.7342 - val_loss: 0.2095 - val_ca: 0.6989
Epoch 79/100
Epoch 1/100
22/6 - 9s - loss: 0.1055 - ca: 0.6867
6/6 - 195s - loss: 0.1646 - ca: 0.7202 - val_loss: 0.1769 - val_ca: 0.6867
Epoch 80/100
Epoch 1/100
22/6 - 9s - loss: 0.0945 - ca: 0.7136
6/6 - 189s - loss: 0.1574 - ca: 0.7064 - val_loss: 0.1718 - val_ca: 0.7136
Epoch 81/100
Epoch 1/100
22/6 - 8s - loss: 0.1008 - ca: 0.7009
6/6 - 195s - loss: 0.1519 - ca: 0.7257 - val_loss: 0.1812 - val_ca: 0.7009
Epoch 82/100
Epoch 1/100
22/6 - 8s - loss: 0.0936 - ca: 0.7138
6/6 - 198s - loss: 0.1386 - ca: 0.7252 - val_loss: 0.1667 - val_ca: 0.7138
Epoch 83/100
Epoch 1/100
22/6 - 8s - loss: 0.1025 - ca: 0.7000
6/6 - 191s - loss: 0.1553 - ca: 0.7181 - val_loss: 0.1841 - val_ca: 0.7000
Epoch 84/100
Epoch 1/100
22/6 - 9s - loss: 0.1061 - ca: 0.6989
6/6 - 187s - loss: 0.1365 - ca: 0.7281 - val_loss: 0.1897 - val_ca: 0.6989
Epoch 85/100
Epoch 1/100
22/6 - 9s - loss: 0.0997 - ca: 0.6989
6/6 - 191s - loss: 0.1827 - ca: 0.6814 - val_loss: 0.1749 - val_ca: 0.6989
Epoch 86/100
Epoch 1/100
22/6 - 8s - loss: 0.0995 - ca: 0.7090
6/6 - 189s - loss: 0.1285 - ca: 0.7306 - val_loss: 0.1815 - val_ca: 0.7090
Epoch 87/100
Epoch 1/100
22/6 - 8s - loss: 0.1088 - ca: 0.6934
6/6 - 195s - loss: 0.1623 - ca: 0.7016 - val_loss: 0.1888 - val_ca: 0.6934
Epoch 88/100
Epoch 1/100
22/6 - 9s - loss: 0.1873 - ca: 0.6508
6/6 - 199s - loss: 0.1211 - ca: 0.7411 - val_loss: 0.2485 - val_ca: 0.6508
Epoch 89/100
Epoch 1/100
22/6 - 9s - loss: 0.1640 - ca: 0.6649
6/6 - 197s - loss: 0.1161 - ca: 0.7488 - val_loss: 0.2331 - val_ca: 0.6649
Epoch 90/100
Epoch 1/100
22/6 - 8s - loss: 0.1299 - ca: 0.6927
6/6 - 192s - loss: 0.1256 - ca: 0.7442 - val_loss: 0.2097 - val_ca: 0.6927
Epoch 91/100
Epoch 1/100
22/6 - 8s - loss: 0.0948 - ca: 0.7393
6/6 - 195s - loss: 0.1196 - ca: 0.7506 - val_loss: 0.1823 - val_ca: 0.7393
Epoch 92/100
Epoch 1/100
22/6 - 9s - loss: 0.1009 - ca: 0.7192
6/6 - 199s - loss: 0.1369 - ca: 0.7328 - val_loss: 0.1879 - val_ca: 0.7192
Epoch 93/100
Epoch 1/100
22/6 - 9s - loss: 0.1186 - ca: 0.7126
6/6 - 194s - loss: 0.1238 - ca: 0.7443 - val_loss: 0.2069 - val_ca: 0.7126
Epoch 94/100
Epoch 1/100
22/6 - 8s - loss: 0.1079 - ca: 0.7185
6/6 - 191s - loss: 0.1395 - ca: 0.7335 - val_loss: 0.1964 - val_ca: 0.7185
Epoch 95/100
Epoch 1/100
22/6 - 8s - loss: 0.0948 - ca: 0.7415
6/6 - 192s - loss: 0.0983 - ca: 0.7736 - val_loss: 0.1822 - val_ca: 0.7415
Epoch 96/100
Epoch 1/100
22/6 - 8s - loss: 0.1044 - ca: 0.7278
6/6 - 194s - loss: 0.1379 - ca: 0.7356 - val_loss: 0.1927 - val_ca: 0.7278
Epoch 97/100
Epoch 1/100
22/6 - 9s - loss: 0.0872 - ca: 0.7645
6/6 - 192s - loss: 0.1538 - ca: 0.7172 - val_loss: 0.1703 - val_ca: 0.7645
Epoch 98/100
Epoch 1/100
22/6 - 9s - loss: 0.1011 - ca: 0.7250
6/6 - 188s - loss: 0.1592 - ca: 0.7036 - val_loss: 0.1853 - val_ca: 0.7250
Epoch 99/100
Epoch 1/100
22/6 - 9s - loss: 0.0935 - ca: 0.7348
6/6 - 189s - loss: 0.1484 - ca: 0.7085 - val_loss: 0.1762 - val_ca: 0.7348
Epoch 100/100
Epoch 1/100
22/6 - 8s - loss: 0.1161 - ca: 0.7119
6/6 - 192s - loss: 0.1395 - ca: 0.7058 - val_loss: 0.2019 - val_ca: 0.7119
### metrics for #0 cv-run (avg of last 10 metrics of the run):
loss: 0.135693
ca: 0.730541
val_loss: 0.188210
val_ca: 0.729520
lr: 0.001000
### average:
avg loss:  0.14 (+/- 0.00) (max: 0.14) (min: 0.14)
avg ca:  73.05% (+/- 0.00) (max: 73.05%) (min: 73.05%)
avg val_loss:  0.19 (+/- 0.00) (max: 0.19) (min: 0.19)
avg val_ca:  72.95% (+/- 0.00) (max: 72.95%) (min: 72.95%)
avg lr:  0.00 (+/- 0.00) (max: 0.00) (min: 0.00)
###### K-Fold split:  1
train indexes:  ['A001', 'A002', 'A007', 'A015', 'A019', 'A026', 'A027', 'A030', 'A034', 'A035', 'A037', 'A044', 'A045', 'A047', 'A059', 'A063', 'A066', 'A080', 'A087', 'A090', 'A101', 'A105', 'A106', 'A003', 'A004', 'A005', 'A006', 'A008', 'A009', 'A010', 'A012', 'A013', 'A017', 'A020', 'A021', 'A022', 'A023', 'A025', 'A029', 'A031', 'A032', 'A033', 'A038', 'A040', 'A043', 'A048', 'A049', 'A052', 'A053', 'A054', 'A056', 'A058', 'A061', 'A065', 'A068', 'A070', 'A071', 'A072', 'A073', 'A074', 'A075', 'A076', 'A077', 'A079', 'A081', 'A082', 'A083', 'A085', 'A086', 'A088', 'A089', 'A091', 'A093', 'A094', 'A095', 'A096', 'A097', 'A098', 'A099', 'A100', 'A102', 'A103', 'A104', 'A107', 'A108', 'A109', 'A111']
test indexes:  ['A028', 'A042', 'A051', 'A064', 'A067', 'A092', 'A011', 'A014', 'A016', 'A024', 'A036', 'A039', 'A041', 'A046', 'A050', 'A055', 'A057', 'A060', 'A062', 'A069', 'A084', 'A110']
test length (X/Y):  7 22
Epoch 1/100
Epoch 1/100
22/6 - 24s - loss: 0.1912 - ca: 0.5502
6/6 - 318s - loss: 0.3904 - ca: 0.4775 - val_loss: 0.2063 - val_ca: 0.5502
Epoch 2/100
Epoch 1/100
22/6 - 9s - loss: 0.1968 - ca: 0.5449
6/6 - 192s - loss: 0.3996 - ca: 0.4741 - val_loss: 0.2103 - val_ca: 0.5449
Epoch 3/100
Epoch 1/100
22/6 - 9s - loss: 0.1974 - ca: 0.5444
6/6 - 195s - loss: 0.3601 - ca: 0.4983 - val_loss: 0.2107 - val_ca: 0.5444
Epoch 4/100
Epoch 1/100
22/6 - 9s - loss: 0.1918 - ca: 0.5497
6/6 - 194s - loss: 0.3631 - ca: 0.5076 - val_loss: 0.2066 - val_ca: 0.5497
Epoch 5/100
Epoch 1/100
22/6 - 9s - loss: 0.1974 - ca: 0.5444
6/6 - 193s - loss: 0.3398 - ca: 0.5258 - val_loss: 0.2107 - val_ca: 0.5444
Epoch 6/100
Epoch 1/100
22/6 - 8s - loss: 0.2015 - ca: 0.5406
6/6 - 192s - loss: 0.3019 - ca: 0.5497 - val_loss: 0.2136 - val_ca: 0.5406
Epoch 7/100
Epoch 1/100
22/6 - 8s - loss: 0.2106 - ca: 0.5324
6/6 - 188s - loss: 0.3141 - ca: 0.5408 - val_loss: 0.2203 - val_ca: 0.5324
Epoch 8/100
Epoch 1/100
22/6 - 9s - loss: 0.2074 - ca: 0.5352
6/6 - 198s - loss: 0.3147 - ca: 0.5286 - val_loss: 0.2180 - val_ca: 0.5352
Epoch 9/100
Epoch 1/100
22/6 - 8s - loss: 0.2114 - ca: 0.5316
6/6 - 186s - loss: 0.4252 - ca: 0.4190 - val_loss: 0.2209 - val_ca: 0.5316
Epoch 10/100
Epoch 1/100
22/6 - 8s - loss: 0.2123 - ca: 0.5309
6/6 - 195s - loss: 0.3477 - ca: 0.5056 - val_loss: 0.2216 - val_ca: 0.5309
Epoch 11/100
Epoch 1/100
22/6 - 8s - loss: 0.2160 - ca: 0.5276
6/6 - 204s - loss: 0.3147 - ca: 0.5257 - val_loss: 0.2243 - val_ca: 0.5276
Epoch 12/100
Epoch 1/100
22/6 - 8s - loss: 0.2200 - ca: 0.5243
6/6 - 190s - loss: 0.2836 - ca: 0.5369 - val_loss: 0.2272 - val_ca: 0.5243
Epoch 13/100
Epoch 1/100
22/6 - 9s - loss: 0.2307 - ca: 0.5154
6/6 - 189s - loss: 0.3186 - ca: 0.4947 - val_loss: 0.2352 - val_ca: 0.5154
Epoch 14/100
Epoch 1/100
22/6 - 9s - loss: 0.2348 - ca: 0.5120
6/6 - 191s - loss: 0.2715 - ca: 0.5478 - val_loss: 0.2384 - val_ca: 0.5120
Epoch 15/100
Epoch 1/100
22/6 - 9s - loss: 0.2434 - ca: 0.5050
6/6 - 194s - loss: 0.2577 - ca: 0.5517 - val_loss: 0.2450 - val_ca: 0.5050
Epoch 16/100
Epoch 1/100
22/6 - 8s - loss: 0.2367 - ca: 0.5104
6/6 - 192s - loss: 0.3167 - ca: 0.4911 - val_loss: 0.2399 - val_ca: 0.5104
Epoch 17/100
Epoch 1/100
22/6 - 9s - loss: 0.2305 - ca: 0.5157
6/6 - 195s - loss: 0.2663 - ca: 0.5458 - val_loss: 0.2349 - val_ca: 0.5157
Epoch 18/100
Epoch 1/100
22/6 - 9s - loss: 0.2335 - ca: 0.5134
6/6 - 197s - loss: 0.2542 - ca: 0.5494 - val_loss: 0.2370 - val_ca: 0.5134
Epoch 19/100
Epoch 1/100
22/6 - 9s - loss: 0.2288 - ca: 0.5177
6/6 - 202s - loss: 0.2483 - ca: 0.5497 - val_loss: 0.2330 - val_ca: 0.5177
Epoch 20/100
Epoch 1/100
22/6 - 8s - loss: 0.2284 - ca: 0.5181
6/6 - 192s - loss: 0.2591 - ca: 0.5537 - val_loss: 0.2327 - val_ca: 0.5181
Epoch 21/100
Epoch 1/100
22/6 - 9s - loss: 0.2433 - ca: 0.5067
6/6 - 197s - loss: 0.3019 - ca: 0.4932 - val_loss: 0.2434 - val_ca: 0.5067
Epoch 22/100
Epoch 1/100
22/6 - 8s - loss: 0.2496 - ca: 0.5021
6/6 - 189s - loss: 0.2503 - ca: 0.5443 - val_loss: 0.2480 - val_ca: 0.5021
Epoch 23/100
Epoch 1/100
22/6 - 8s - loss: 0.2563 - ca: 0.4973
6/6 - 195s - loss: 0.2447 - ca: 0.5512 - val_loss: 0.2529 - val_ca: 0.4973
Epoch 24/100
Epoch 1/100
22/6 - 8s - loss: 0.2393 - ca: 0.5111
6/6 - 196s - loss: 0.2389 - ca: 0.5595 - val_loss: 0.2394 - val_ca: 0.5111
Epoch 25/100
Epoch 1/100
22/6 - 9s - loss: 0.2456 - ca: 0.5068
6/6 - 191s - loss: 0.2221 - ca: 0.5885 - val_loss: 0.2436 - val_ca: 0.5068
Epoch 26/100
Epoch 1/100
22/6 - 8s - loss: 0.2415 - ca: 0.5108
6/6 - 203s - loss: 0.2183 - ca: 0.5959 - val_loss: 0.2398 - val_ca: 0.5108
Epoch 27/100
Epoch 1/100
22/6 - 9s - loss: 0.2304 - ca: 0.5204
6/6 - 194s - loss: 0.1926 - ca: 0.6255 - val_loss: 0.2310 - val_ca: 0.5204
Epoch 28/100
Epoch 1/100
22/6 - 9s - loss: 0.2296 - ca: 0.5222
6/6 - 197s - loss: 0.2510 - ca: 0.5560 - val_loss: 0.2294 - val_ca: 0.5222
Epoch 29/100
Epoch 1/100
22/6 - 9s - loss: 0.2186 - ca: 0.5315
6/6 - 195s - loss: 0.2133 - ca: 0.6037 - val_loss: 0.2213 - val_ca: 0.5315
Epoch 30/100
Epoch 1/100
22/6 - 9s - loss: 0.2235 - ca: 0.5291
6/6 - 190s - loss: 0.2133 - ca: 0.6148 - val_loss: 0.2238 - val_ca: 0.5291
Epoch 31/100
Epoch 1/100
22/6 - 8s - loss: 0.2464 - ca: 0.5121
6/6 - 196s - loss: 0.2400 - ca: 0.5768 - val_loss: 0.2396 - val_ca: 0.5121
Epoch 32/100
Epoch 1/100
22/6 - 9s - loss: 0.2172 - ca: 0.5363
6/6 - 193s - loss: 0.2075 - ca: 0.6066 - val_loss: 0.2180 - val_ca: 0.5363
Epoch 33/100
Epoch 1/100
22/6 - 9s - loss: 0.2091 - ca: 0.5426
6/6 - 200s - loss: 0.2090 - ca: 0.6062 - val_loss: 0.2127 - val_ca: 0.5426
Epoch 34/100
Epoch 1/100
22/6 - 9s - loss: 0.2005 - ca: 0.5510
6/6 - 194s - loss: 0.1803 - ca: 0.6356 - val_loss: 0.2064 - val_ca: 0.5510
Epoch 35/100
Epoch 1/100
22/6 - 9s - loss: 0.1891 - ca: 0.5615
6/6 - 196s - loss: 0.2389 - ca: 0.5833 - val_loss: 0.1994 - val_ca: 0.5615
Epoch 36/100
Epoch 1/100
22/6 - 8s - loss: 0.1932 - ca: 0.5588
6/6 - 203s - loss: 0.2150 - ca: 0.5982 - val_loss: 0.2012 - val_ca: 0.5588
Epoch 37/100
Epoch 1/100
22/6 - 9s - loss: 0.2139 - ca: 0.5412
6/6 - 195s - loss: 0.1830 - ca: 0.6411 - val_loss: 0.2147 - val_ca: 0.5412
Epoch 38/100
Epoch 1/100
22/6 - 8s - loss: 0.2267 - ca: 0.5347
6/6 - 193s - loss: 0.2061 - ca: 0.6029 - val_loss: 0.2222 - val_ca: 0.5347
Epoch 39/100
Epoch 1/100
22/6 - 8s - loss: 0.2455 - ca: 0.5215
6/6 - 193s - loss: 0.1935 - ca: 0.6378 - val_loss: 0.2355 - val_ca: 0.5215
Epoch 40/100
Epoch 1/100
22/6 - 8s - loss: 0.2332 - ca: 0.5305
6/6 - 199s - loss: 0.2053 - ca: 0.6295 - val_loss: 0.2273 - val_ca: 0.5305
Epoch 41/100
Epoch 1/100
22/6 - 9s - loss: 0.2836 - ca: 0.4967
6/6 - 190s - loss: 0.1897 - ca: 0.6354 - val_loss: 0.2618 - val_ca: 0.4967
Epoch 42/100
Epoch 1/100
22/6 - 8s - loss: 0.2244 - ca: 0.5409
6/6 - 189s - loss: 0.1870 - ca: 0.6304 - val_loss: 0.2198 - val_ca: 0.5409
Epoch 43/100
Epoch 1/100
22/6 - 8s - loss: 0.2340 - ca: 0.5349
6/6 - 195s - loss: 0.2141 - ca: 0.6068 - val_loss: 0.2248 - val_ca: 0.5349
Epoch 44/100
Epoch 1/100
22/6 - 8s - loss: 0.2022 - ca: 0.5643
6/6 - 193s - loss: 0.1954 - ca: 0.6269 - val_loss: 0.2032 - val_ca: 0.5643
Epoch 45/100
Epoch 1/100
22/6 - 9s - loss: 0.1977 - ca: 0.5720
6/6 - 190s - loss: 0.1952 - ca: 0.6358 - val_loss: 0.2009 - val_ca: 0.5720
Epoch 46/100
Epoch 1/100
22/6 - 9s - loss: 0.2125 - ca: 0.5600
6/6 - 199s - loss: 0.1693 - ca: 0.6733 - val_loss: 0.2103 - val_ca: 0.5600
Epoch 47/100
Epoch 1/100
22/6 - 8s - loss: 0.2001 - ca: 0.5738
6/6 - 194s - loss: 0.1701 - ca: 0.6659 - val_loss: 0.2037 - val_ca: 0.5738
Epoch 48/100
Epoch 1/100
22/6 - 8s - loss: 0.2119 - ca: 0.5696
6/6 - 193s - loss: 0.1821 - ca: 0.6513 - val_loss: 0.2117 - val_ca: 0.5696
Epoch 49/100
Epoch 1/100
22/6 - 9s - loss: 0.2499 - ca: 0.5380
6/6 - 195s - loss: 0.1703 - ca: 0.6634 - val_loss: 0.2391 - val_ca: 0.5380
Epoch 50/100
Epoch 1/100
22/6 - 9s - loss: 0.2384 - ca: 0.5454
6/6 - 190s - loss: 0.1632 - ca: 0.6785 - val_loss: 0.2307 - val_ca: 0.5454
Epoch 51/100
Epoch 1/100
22/6 - 9s - loss: 0.1674 - ca: 0.6101
6/6 - 192s - loss: 0.1494 - ca: 0.7065 - val_loss: 0.1889 - val_ca: 0.6101
Epoch 52/100
Epoch 1/100
22/6 - 8s - loss: 0.2135 - ca: 0.5619
6/6 - 189s - loss: 0.1966 - ca: 0.6280 - val_loss: 0.2203 - val_ca: 0.5619
Epoch 53/100
Epoch 1/100
22/6 - 9s - loss: 0.3166 - ca: 0.4865
6/6 - 194s - loss: 0.2030 - ca: 0.6167 - val_loss: 0.2906 - val_ca: 0.4865
Epoch 54/100
Epoch 1/100
22/6 - 9s - loss: 0.2335 - ca: 0.5414
6/6 - 198s - loss: 0.1760 - ca: 0.6395 - val_loss: 0.2290 - val_ca: 0.5414
Epoch 55/100
Epoch 1/100
22/6 - 9s - loss: 0.1683 - ca: 0.5999
6/6 - 191s - loss: 0.1900 - ca: 0.6363 - val_loss: 0.1852 - val_ca: 0.5999
Epoch 56/100
Epoch 1/100
22/6 - 8s - loss: 0.1859 - ca: 0.5843
6/6 - 194s - loss: 0.1788 - ca: 0.6556 - val_loss: 0.1945 - val_ca: 0.5843
Epoch 57/100
Epoch 1/100
22/6 - 8s - loss: 0.1707 - ca: 0.6003
6/6 - 195s - loss: 0.1764 - ca: 0.6591 - val_loss: 0.1836 - val_ca: 0.6003
Epoch 58/100
Epoch 1/100
22/6 - 8s - loss: 0.1569 - ca: 0.6117
6/6 - 199s - loss: 0.1719 - ca: 0.6761 - val_loss: 0.1755 - val_ca: 0.6117
Epoch 59/100
Epoch 1/100
22/6 - 9s - loss: 0.1246 - ca: 0.6504
6/6 - 194s - loss: 0.2101 - ca: 0.6385 - val_loss: 0.1591 - val_ca: 0.6504
Epoch 60/100
Epoch 1/100
22/6 - 8s - loss: 0.1779 - ca: 0.5867
6/6 - 189s - loss: 0.1981 - ca: 0.6509 - val_loss: 0.1872 - val_ca: 0.5867
Epoch 61/100
Epoch 1/100
22/6 - 8s - loss: 0.1870 - ca: 0.5803
6/6 - 185s - loss: 0.1745 - ca: 0.6651 - val_loss: 0.1917 - val_ca: 0.5803
Epoch 62/100
Epoch 1/100
22/6 - 8s - loss: 0.1155 - ca: 0.6632
6/6 - 192s - loss: 0.1583 - ca: 0.6874 - val_loss: 0.1529 - val_ca: 0.6632
Epoch 63/100
Epoch 1/100
22/6 - 9s - loss: 0.1658 - ca: 0.6006
6/6 - 197s - loss: 0.1922 - ca: 0.6552 - val_loss: 0.1772 - val_ca: 0.6006
Epoch 64/100
Epoch 1/100
22/6 - 9s - loss: 0.2110 - ca: 0.5622
6/6 - 201s - loss: 0.1899 - ca: 0.6351 - val_loss: 0.2047 - val_ca: 0.5622
Epoch 65/100
Epoch 1/100
22/6 - 8s - loss: 0.2396 - ca: 0.5384
6/6 - 194s - loss: 0.1860 - ca: 0.6412 - val_loss: 0.2260 - val_ca: 0.5384
Epoch 66/100
Epoch 1/100
22/6 - 8s - loss: 0.1999 - ca: 0.5735
6/6 - 195s - loss: 0.1684 - ca: 0.6588 - val_loss: 0.1995 - val_ca: 0.5735
Epoch 67/100
Epoch 1/100
22/6 - 8s - loss: 0.2043 - ca: 0.5678
6/6 - 189s - loss: 0.1687 - ca: 0.6665 - val_loss: 0.2050 - val_ca: 0.5678
Epoch 68/100
Epoch 1/100
22/6 - 9s - loss: 0.1654 - ca: 0.6075
6/6 - 192s - loss: 0.1521 - ca: 0.6877 - val_loss: 0.1851 - val_ca: 0.6075
Epoch 69/100
Epoch 1/100
22/6 - 8s - loss: 0.1652 - ca: 0.6116
6/6 - 202s - loss: 0.1306 - ca: 0.7070 - val_loss: 0.1902 - val_ca: 0.6116
Epoch 70/100
Epoch 1/100
22/6 - 8s - loss: 0.2129 - ca: 0.5609
6/6 - 201s - loss: 0.2739 - ca: 0.5819 - val_loss: 0.2117 - val_ca: 0.5609
Epoch 71/100
Epoch 1/100
22/6 - 9s - loss: 0.1739 - ca: 0.6066
6/6 - 191s - loss: 0.1807 - ca: 0.6445 - val_loss: 0.1839 - val_ca: 0.6066
Epoch 72/100
Epoch 1/100
22/6 - 9s - loss: 0.1457 - ca: 0.6395
6/6 - 200s - loss: 0.1376 - ca: 0.7116 - val_loss: 0.1717 - val_ca: 0.6395
Epoch 73/100
Epoch 1/100
22/6 - 8s - loss: 0.1525 - ca: 0.6315
6/6 - 197s - loss: 0.1616 - ca: 0.6934 - val_loss: 0.1791 - val_ca: 0.6315
Epoch 74/100
Epoch 1/100
22/6 - 8s - loss: 0.1470 - ca: 0.6448
6/6 - 196s - loss: 0.1822 - ca: 0.6835 - val_loss: 0.1795 - val_ca: 0.6448
Epoch 75/100
Epoch 1/100
22/6 - 8s - loss: 0.1619 - ca: 0.6368
6/6 - 193s - loss: 0.1296 - ca: 0.7394 - val_loss: 0.1930 - val_ca: 0.6368
Epoch 76/100
Epoch 1/100
22/6 - 9s - loss: 0.1410 - ca: 0.6541
6/6 - 194s - loss: 0.1505 - ca: 0.6989 - val_loss: 0.1848 - val_ca: 0.6541
Epoch 77/100
Epoch 1/100
22/6 - 9s - loss: 0.1488 - ca: 0.6715
6/6 - 196s - loss: 0.1623 - ca: 0.6946 - val_loss: 0.1804 - val_ca: 0.6715
Epoch 78/100
Epoch 1/100
22/6 - 9s - loss: 0.1503 - ca: 0.6760
6/6 - 193s - loss: 0.1503 - ca: 0.7255 - val_loss: 0.1801 - val_ca: 0.6760
Epoch 79/100
Epoch 1/100
22/6 - 9s - loss: 0.1424 - ca: 0.6707
6/6 - 192s - loss: 0.1485 - ca: 0.7144 - val_loss: 0.1759 - val_ca: 0.6707
Epoch 80/100
Epoch 1/100
22/6 - 9s - loss: 0.1767 - ca: 0.6297
6/6 - 198s - loss: 0.1407 - ca: 0.7278 - val_loss: 0.1900 - val_ca: 0.6297
Epoch 81/100
Epoch 1/100
22/6 - 8s - loss: 0.2557 - ca: 0.5558
6/6 - 190s - loss: 0.1613 - ca: 0.6924 - val_loss: 0.2379 - val_ca: 0.5558
Epoch 82/100
Epoch 1/100
22/6 - 8s - loss: 0.2473 - ca: 0.5666
6/6 - 196s - loss: 0.1265 - ca: 0.7263 - val_loss: 0.2299 - val_ca: 0.5666
Epoch 83/100
Epoch 1/100
22/6 - 9s - loss: 0.3838 - ca: 0.4685
6/6 - 188s - loss: 0.2119 - ca: 0.6267 - val_loss: 0.3322 - val_ca: 0.4685
Epoch 84/100
Epoch 1/100
22/6 - 8s - loss: 0.2481 - ca: 0.5616
6/6 - 201s - loss: 0.1442 - ca: 0.6960 - val_loss: 0.2304 - val_ca: 0.5616
Epoch 85/100
Epoch 1/100
22/6 - 9s - loss: 0.2846 - ca: 0.5308
6/6 - 189s - loss: 0.1142 - ca: 0.7389 - val_loss: 0.2660 - val_ca: 0.5308
Epoch 86/100
Epoch 1/100
22/6 - 9s - loss: 0.2472 - ca: 0.5677
6/6 - 195s - loss: 0.1368 - ca: 0.7163 - val_loss: 0.2402 - val_ca: 0.5677
Epoch 87/100
Epoch 1/100
22/6 - 8s - loss: 0.1660 - ca: 0.6643
6/6 - 197s - loss: 0.0939 - ca: 0.7955 - val_loss: 0.1771 - val_ca: 0.6643
Epoch 88/100
Epoch 1/100
22/6 - 8s - loss: 0.1328 - ca: 0.7010
6/6 - 190s - loss: 0.1898 - ca: 0.6867 - val_loss: 0.1635 - val_ca: 0.7010
Epoch 89/100
Epoch 1/100
22/6 - 8s - loss: 0.1478 - ca: 0.6699
6/6 - 195s - loss: 0.1294 - ca: 0.7472 - val_loss: 0.1798 - val_ca: 0.6699
Epoch 90/100
Epoch 1/100
22/6 - 8s - loss: 0.1530 - ca: 0.6906
6/6 - 189s - loss: 0.1269 - ca: 0.7443 - val_loss: 0.1913 - val_ca: 0.6906
Epoch 91/100
Epoch 1/100
22/6 - 9s - loss: 0.1329 - ca: 0.6952
6/6 - 195s - loss: 0.1337 - ca: 0.7354 - val_loss: 0.1774 - val_ca: 0.6952
Epoch 92/100
Epoch 1/100
22/6 - 9s - loss: 0.1685 - ca: 0.6727
6/6 - 195s - loss: 0.1348 - ca: 0.7350 - val_loss: 0.1994 - val_ca: 0.6727
Epoch 93/100
Epoch 1/100
22/6 - 9s - loss: 0.1687 - ca: 0.6692
6/6 - 198s - loss: 0.1212 - ca: 0.7623 - val_loss: 0.1980 - val_ca: 0.6692
Epoch 94/100
Epoch 1/100
22/6 - 8s - loss: 0.1563 - ca: 0.6894
6/6 - 200s - loss: 0.1486 - ca: 0.7190 - val_loss: 0.1894 - val_ca: 0.6894
Epoch 95/100
Epoch 1/100
22/6 - 8s - loss: 0.1406 - ca: 0.7033
6/6 - 200s - loss: 0.1230 - ca: 0.7562 - val_loss: 0.1828 - val_ca: 0.7033
Epoch 96/100
Epoch 1/100
22/6 - 8s - loss: 0.1583 - ca: 0.6772
6/6 - 193s - loss: 0.1237 - ca: 0.7662 - val_loss: 0.1816 - val_ca: 0.6772
Epoch 97/100
Epoch 1/100
22/6 - 9s - loss: 0.1673 - ca: 0.6466
6/6 - 198s - loss: 0.1355 - ca: 0.7398 - val_loss: 0.1848 - val_ca: 0.6466
Epoch 98/100
Epoch 1/100
22/6 - 9s - loss: 0.1874 - ca: 0.6277
6/6 - 198s - loss: 0.1402 - ca: 0.7108 - val_loss: 0.1947 - val_ca: 0.6277
Epoch 99/100
Epoch 1/100
22/6 - 8s - loss: 0.2229 - ca: 0.5904
6/6 - 200s - loss: 0.1444 - ca: 0.7216 - val_loss: 0.2175 - val_ca: 0.5904
Epoch 100/100
Epoch 1/100
22/6 - 8s - loss: 0.2095 - ca: 0.6137
6/6 - 185s - loss: 0.1228 - ca: 0.7240 - val_loss: 0.2138 - val_ca: 0.6137
### metrics for #1 cv-run (avg of last 10 metrics of the run):
loss: 0.132782
ca: 0.737018
val_loss: 0.193931
val_ca: 0.658539
lr: 0.001000
### average:
avg loss:  0.13 (+/- 0.00) (max: 0.14) (min: 0.13)
avg ca:  73.38% (+/- 0.32) (max: 73.70%) (min: 73.05%)
avg val_loss:  0.19 (+/- 0.00) (max: 0.19) (min: 0.19)
avg val_ca:  69.40% (+/- 3.55) (max: 72.95%) (min: 65.85%)
avg lr:  0.00 (+/- 0.00) (max: 0.00) (min: 0.00)
###### K-Fold split:  2
train indexes:  ['A002', 'A007', 'A015', 'A019', 'A027', 'A028', 'A030', 'A034', 'A035', 'A042', 'A044', 'A047', 'A051', 'A064', 'A066', 'A067', 'A080', 'A087', 'A090', 'A092', 'A101', 'A105', 'A106', 'A003', 'A004', 'A006', 'A008', 'A009', 'A010', 'A011', 'A012', 'A013', 'A014', 'A016', 'A017', 'A021', 'A022', 'A024', 'A025', 'A029', 'A032', 'A036', 'A038', 'A039', 'A041', 'A043', 'A046', 'A048', 'A050', 'A052', 'A053', 'A055', 'A056', 'A057', 'A058', 'A060', 'A061', 'A062', 'A065', 'A068', 'A069', 'A070', 'A071', 'A072', 'A074', 'A075', 'A076', 'A077', 'A079', 'A083', 'A084', 'A085', 'A086', 'A088', 'A089', 'A093', 'A096', 'A097', 'A098', 'A099', 'A100', 'A103', 'A104', 'A107', 'A108', 'A109', 'A110']
test indexes:  ['A001', 'A026', 'A037', 'A045', 'A059', 'A063', 'A005', 'A020', 'A023', 'A031', 'A033', 'A040', 'A049', 'A054', 'A073', 'A081', 'A082', 'A091', 'A094', 'A095', 'A102', 'A111']
test length (X/Y):  7 22
Epoch 1/100
Epoch 1/100
22/6 - 29s - loss: 0.1896 - ca: 0.5517
6/6 - 331s - loss: 0.2531 - ca: 0.5848 - val_loss: 0.2051 - val_ca: 0.5517
Epoch 2/100
Epoch 1/100
22/6 - 8s - loss: 0.1938 - ca: 0.5477
6/6 - 191s - loss: 0.3686 - ca: 0.4799 - val_loss: 0.2081 - val_ca: 0.5477
Epoch 3/100
Epoch 1/100
22/6 - 8s - loss: 0.1970 - ca: 0.5446
6/6 - 191s - loss: 0.3290 - ca: 0.5260 - val_loss: 0.2105 - val_ca: 0.5446
Epoch 4/100
Epoch 1/100
22/6 - 8s - loss: 0.2009 - ca: 0.5410
6/6 - 195s - loss: 0.3439 - ca: 0.4877 - val_loss: 0.2133 - val_ca: 0.5410
Epoch 5/100
Epoch 1/100
22/6 - 9s - loss: 0.2104 - ca: 0.5324
6/6 - 191s - loss: 0.2986 - ca: 0.5436 - val_loss: 0.2203 - val_ca: 0.5324
Epoch 6/100
Epoch 1/100
22/6 - 8s - loss: 0.2127 - ca: 0.5305
6/6 - 197s - loss: 0.3289 - ca: 0.5033 - val_loss: 0.2219 - val_ca: 0.5305
Epoch 7/100
Epoch 1/100
22/6 - 9s - loss: 0.2178 - ca: 0.5260
6/6 - 192s - loss: 0.3080 - ca: 0.5206 - val_loss: 0.2257 - val_ca: 0.5260
Epoch 8/100
Epoch 1/100
22/6 - 9s - loss: 0.2219 - ca: 0.5226
6/6 - 191s - loss: 0.3196 - ca: 0.5164 - val_loss: 0.2287 - val_ca: 0.5226
Epoch 9/100
Epoch 1/100
22/6 - 8s - loss: 0.2297 - ca: 0.5162
6/6 - 196s - loss: 0.3263 - ca: 0.4830 - val_loss: 0.2345 - val_ca: 0.5162
Epoch 10/100
Epoch 1/100
22/6 - 8s - loss: 0.2337 - ca: 0.5132
6/6 - 191s - loss: 0.3107 - ca: 0.5108 - val_loss: 0.2372 - val_ca: 0.5132
Epoch 11/100
Epoch 1/100
22/6 - 8s - loss: 0.2383 - ca: 0.5097
6/6 - 200s - loss: 0.2539 - ca: 0.5510 - val_loss: 0.2405 - val_ca: 0.5097
Epoch 12/100
Epoch 1/100
22/6 - 9s - loss: 0.2410 - ca: 0.5078
6/6 - 190s - loss: 0.2422 - ca: 0.5499 - val_loss: 0.2423 - val_ca: 0.5078
Epoch 13/100
Epoch 1/100
22/6 - 8s - loss: 0.2385 - ca: 0.5100
6/6 - 191s - loss: 0.2593 - ca: 0.5486 - val_loss: 0.2402 - val_ca: 0.5100
Epoch 14/100
Epoch 1/100
22/6 - 8s - loss: 0.2462 - ca: 0.5038
6/6 - 197s - loss: 0.2851 - ca: 0.5153 - val_loss: 0.2462 - val_ca: 0.5038
Epoch 15/100
Epoch 1/100
22/6 - 9s - loss: 0.2480 - ca: 0.5035
6/6 - 190s - loss: 0.2373 - ca: 0.5558 - val_loss: 0.2466 - val_ca: 0.5035
Epoch 16/100
Epoch 1/100
22/6 - 9s - loss: 0.2535 - ca: 0.5007
6/6 - 202s - loss: 0.2423 - ca: 0.5614 - val_loss: 0.2495 - val_ca: 0.5007
Epoch 17/100
Epoch 1/100
22/6 - 8s - loss: 0.2519 - ca: 0.5031
6/6 - 200s - loss: 0.2174 - ca: 0.5838 - val_loss: 0.2473 - val_ca: 0.5031
Epoch 18/100
Epoch 1/100
22/6 - 8s - loss: 0.2560 - ca: 0.5020
6/6 - 198s - loss: 0.2405 - ca: 0.5582 - val_loss: 0.2488 - val_ca: 0.5020
Epoch 19/100
Epoch 1/100
22/6 - 8s - loss: 0.2484 - ca: 0.5089
6/6 - 197s - loss: 0.2260 - ca: 0.5954 - val_loss: 0.2421 - val_ca: 0.5089
Epoch 20/100
Epoch 1/100
22/6 - 8s - loss: 0.2581 - ca: 0.5038
6/6 - 193s - loss: 0.2368 - ca: 0.5789 - val_loss: 0.2477 - val_ca: 0.5038
Epoch 21/100
Epoch 1/100
22/6 - 9s - loss: 0.2538 - ca: 0.5078
6/6 - 196s - loss: 0.2085 - ca: 0.6072 - val_loss: 0.2439 - val_ca: 0.5078
Epoch 22/100
Epoch 1/100
22/6 - 9s - loss: 0.2429 - ca: 0.5161
6/6 - 200s - loss: 0.1885 - ca: 0.6298 - val_loss: 0.2356 - val_ca: 0.5161
Epoch 23/100
Epoch 1/100
22/6 - 9s - loss: 0.2474 - ca: 0.5129
6/6 - 195s - loss: 0.2291 - ca: 0.5931 - val_loss: 0.2388 - val_ca: 0.5129
Epoch 24/100
Epoch 1/100
22/6 - 9s - loss: 0.2376 - ca: 0.5224
6/6 - 197s - loss: 0.2137 - ca: 0.5953 - val_loss: 0.2299 - val_ca: 0.5224
Epoch 25/100
Epoch 1/100
22/6 - 8s - loss: 0.2192 - ca: 0.5358
6/6 - 190s - loss: 0.2201 - ca: 0.5874 - val_loss: 0.2172 - val_ca: 0.5358
Epoch 26/100
Epoch 1/100
22/6 - 9s - loss: 0.2009 - ca: 0.5528
6/6 - 200s - loss: 0.1941 - ca: 0.6194 - val_loss: 0.2027 - val_ca: 0.5528
Epoch 27/100
Epoch 1/100
22/6 - 8s - loss: 0.1927 - ca: 0.5621
6/6 - 194s - loss: 0.2367 - ca: 0.5818 - val_loss: 0.1954 - val_ca: 0.5621
Epoch 28/100
Epoch 1/100
22/6 - 9s - loss: 0.1870 - ca: 0.5672
6/6 - 191s - loss: 0.2073 - ca: 0.6035 - val_loss: 0.1913 - val_ca: 0.5672
Epoch 29/100
Epoch 1/100
22/6 - 8s - loss: 0.1787 - ca: 0.5724
6/6 - 193s - loss: 0.2376 - ca: 0.5629 - val_loss: 0.1872 - val_ca: 0.5724
Epoch 30/100
Epoch 1/100
22/6 - 9s - loss: 0.1703 - ca: 0.5802
6/6 - 190s - loss: 0.1899 - ca: 0.6118 - val_loss: 0.1815 - val_ca: 0.5802
Epoch 31/100
Epoch 1/100
22/6 - 9s - loss: 0.1626 - ca: 0.5903
6/6 - 192s - loss: 0.2182 - ca: 0.5839 - val_loss: 0.1746 - val_ca: 0.5903
Epoch 32/100
Epoch 1/100
22/6 - 8s - loss: 0.1535 - ca: 0.5965
6/6 - 191s - loss: 0.2444 - ca: 0.5577 - val_loss: 0.1717 - val_ca: 0.5965
Epoch 33/100
Epoch 1/100
22/6 - 8s - loss: 0.1384 - ca: 0.6160
6/6 - 196s - loss: 0.2048 - ca: 0.5923 - val_loss: 0.1597 - val_ca: 0.6160
Epoch 34/100
Epoch 1/100
22/6 - 8s - loss: 0.1311 - ca: 0.6239
6/6 - 196s - loss: 0.1793 - ca: 0.6369 - val_loss: 0.1577 - val_ca: 0.6239
Epoch 35/100
Epoch 1/100
22/6 - 8s - loss: 0.1289 - ca: 0.6262
6/6 - 189s - loss: 0.1773 - ca: 0.6347 - val_loss: 0.1578 - val_ca: 0.6262
Epoch 36/100
Epoch 1/100
22/6 - 9s - loss: 0.1249 - ca: 0.6297
6/6 - 191s - loss: 0.2166 - ca: 0.6049 - val_loss: 0.1594 - val_ca: 0.6297
Epoch 37/100
Epoch 1/100
22/6 - 8s - loss: 0.1298 - ca: 0.6214
6/6 - 193s - loss: 0.2124 - ca: 0.5985 - val_loss: 0.1651 - val_ca: 0.6214
Epoch 38/100
Epoch 1/100
22/6 - 9s - loss: 0.1334 - ca: 0.6160
6/6 - 194s - loss: 0.2147 - ca: 0.5926 - val_loss: 0.1685 - val_ca: 0.6160
Epoch 39/100
Epoch 1/100
22/6 - 9s - loss: 0.1124 - ca: 0.6494
6/6 - 196s - loss: 0.2320 - ca: 0.5636 - val_loss: 0.1553 - val_ca: 0.6494
Epoch 40/100
Epoch 1/100
22/6 - 8s - loss: 0.1165 - ca: 0.6428
6/6 - 195s - loss: 0.1837 - ca: 0.6275 - val_loss: 0.1602 - val_ca: 0.6428
Epoch 41/100
Epoch 1/100
22/6 - 9s - loss: 0.1125 - ca: 0.6504
6/6 - 196s - loss: 0.2242 - ca: 0.5774 - val_loss: 0.1583 - val_ca: 0.6504
Epoch 42/100
Epoch 1/100
22/6 - 8s - loss: 0.1067 - ca: 0.6612
6/6 - 192s - loss: 0.1706 - ca: 0.6400 - val_loss: 0.1554 - val_ca: 0.6612
Epoch 43/100
Epoch 1/100
22/6 - 9s - loss: 0.0991 - ca: 0.6784
6/6 - 196s - loss: 0.2141 - ca: 0.6005 - val_loss: 0.1527 - val_ca: 0.6784
Epoch 44/100
Epoch 1/100
22/6 - 9s - loss: 0.0975 - ca: 0.6827
6/6 - 192s - loss: 0.2093 - ca: 0.6158 - val_loss: 0.1522 - val_ca: 0.6827
Epoch 45/100
Epoch 1/100
22/6 - 9s - loss: 0.1173 - ca: 0.6418
6/6 - 193s - loss: 0.2381 - ca: 0.5779 - val_loss: 0.1621 - val_ca: 0.6418
Epoch 46/100
Epoch 1/100
22/6 - 9s - loss: 0.1188 - ca: 0.6398
6/6 - 195s - loss: 0.2110 - ca: 0.5920 - val_loss: 0.1633 - val_ca: 0.6398
Epoch 47/100
Epoch 1/100
22/6 - 9s - loss: 0.1072 - ca: 0.6617
6/6 - 197s - loss: 0.2068 - ca: 0.5966 - val_loss: 0.1580 - val_ca: 0.6617
Epoch 48/100
Epoch 1/100
22/6 - 9s - loss: 0.1020 - ca: 0.6727
6/6 - 193s - loss: 0.1880 - ca: 0.6323 - val_loss: 0.1536 - val_ca: 0.6727
Epoch 49/100
Epoch 1/100
22/6 - 9s - loss: 0.1001 - ca: 0.6766
6/6 - 198s - loss: 0.1978 - ca: 0.6168 - val_loss: 0.1441 - val_ca: 0.6766
Epoch 50/100
Epoch 1/100
22/6 - 9s - loss: 0.1120 - ca: 0.6561
6/6 - 195s - loss: 0.2003 - ca: 0.6059 - val_loss: 0.1613 - val_ca: 0.6561
Epoch 51/100
Epoch 1/100
22/6 - 8s - loss: 0.1014 - ca: 0.6765
6/6 - 192s - loss: 0.1763 - ca: 0.6388 - val_loss: 0.1558 - val_ca: 0.6765
Epoch 52/100
Epoch 1/100
22/6 - 9s - loss: 0.1007 - ca: 0.6794
6/6 - 192s - loss: 0.1959 - ca: 0.6179 - val_loss: 0.1560 - val_ca: 0.6794
Epoch 53/100
Epoch 1/100
22/6 - 8s - loss: 0.0954 - ca: 0.6923
6/6 - 193s - loss: 0.1873 - ca: 0.6245 - val_loss: 0.1548 - val_ca: 0.6923
Epoch 54/100
Epoch 1/100
22/6 - 8s - loss: 0.0919 - ca: 0.7012
6/6 - 193s - loss: 0.1743 - ca: 0.6530 - val_loss: 0.1519 - val_ca: 0.7012
Epoch 55/100
Epoch 1/100
22/6 - 7s - loss: 0.0971 - ca: 0.6884
6/6 - 173s - loss: 0.1812 - ca: 0.6355 - val_loss: 0.1570 - val_ca: 0.6884
Epoch 56/100
Epoch 1/100
22/6 - 8s - loss: 0.0966 - ca: 0.6917
6/6 - 163s - loss: 0.1772 - ca: 0.6446 - val_loss: 0.1530 - val_ca: 0.6917
Epoch 57/100
Epoch 1/100
22/6 - 8s - loss: 0.1048 - ca: 0.6784
6/6 - 176s - loss: 0.2038 - ca: 0.6160 - val_loss: 0.1536 - val_ca: 0.6784
slurmstepd: error: Detected 4 oom-kill event(s) in step 947940.0 cgroup. Some of your processes may have been killed by the cgroup out-of-memory handler.
srun: error: clara29: task 0: Out Of Memory
slurmstepd: error: Detected 4 oom-kill event(s) in step 947940.batch cgroup. Some of your processes may have been killed by the cgroup out-of-memory handler.
