2020-03-31 14:17:51.843165: I tensorflow/stream_executor/platform/default/dso_loader.cc:44] Successfully opened dynamic library libcudart.so.10.1
--------------------------------------------------------------------------
A process has executed an operation involving a call to the
"fork()" system call to create a child process.  Open MPI is currently
operating in a condition that could result in memory corruption or
other system errors; your job may hang, crash, or produce silent
data corruption.  The use of fork() (or system() or other calls that
create child processes) is strongly discouraged.

The process that invoked fork was:

  Local host:          [[30432,0],0] (PID 64740)

If you are *absolutely sure* that your application will successfully
and correctly survive a call to fork(), you may disable this warning
by setting the mpi_warn_on_fork MCA parameter to 0.
--------------------------------------------------------------------------
INFO - dme - Running command 'run'
INFO - dme - Started run with ID "9"
WARNING:tensorflow:From /nfs/cluster/easybuild/software/TensorFlow/1.15.2-fosscuda-2019b-Python-3.7.4/lib/python3.7/site-packages/tensorflow_core/python/ops/resource_variable_ops.py:1630: calling BaseResourceVariable.__init__ (from tensorflow.python.ops.resource_variable_ops) with constraint is deprecated and will be removed in a future version.
Instructions for updating:
If using Keras pass *_constraint arguments to layers.
WARNING - tensorflow - From /nfs/cluster/easybuild/software/TensorFlow/1.15.2-fosscuda-2019b-Python-3.7.4/lib/python3.7/site-packages/tensorflow_core/python/ops/resource_variable_ops.py:1630: calling BaseResourceVariable.__init__ (from tensorflow.python.ops.resource_variable_ops) with constraint is deprecated and will be removed in a future version.
Instructions for updating:
If using Keras pass *_constraint arguments to layers.
2020-03-31 14:18:20.737777: I tensorflow/stream_executor/platform/default/dso_loader.cc:44] Successfully opened dynamic library libcuda.so.1
2020-03-31 14:18:20.761472: E tensorflow/stream_executor/cuda/cuda_driver.cc:318] failed call to cuInit: CUDA_ERROR_NOT_INITIALIZED: initialization error
2020-03-31 14:18:20.761570: I tensorflow/stream_executor/cuda/cuda_diagnostics.cc:169] retrieving CUDA diagnostic information for host: clara29.sc.uni-leipzig.de
2020-03-31 14:18:20.761623: I tensorflow/stream_executor/cuda/cuda_diagnostics.cc:176] hostname: clara29.sc.uni-leipzig.de
2020-03-31 14:18:20.761790: I tensorflow/stream_executor/cuda/cuda_diagnostics.cc:200] libcuda reported version is: 440.33.1
2020-03-31 14:18:20.761891: I tensorflow/stream_executor/cuda/cuda_diagnostics.cc:204] kernel reported version is: 440.33.1
2020-03-31 14:18:20.761939: I tensorflow/stream_executor/cuda/cuda_diagnostics.cc:310] kernel version seems to match DSO: 440.33.1
2020-03-31 14:18:20.763121: I tensorflow/core/common_runtime/process_util.cc:115] Creating new thread pool with default inter op setting: 2. Tune using inter_op_parallelism_threads for best performance.
WARNING:tensorflow:From /nfs/cluster/easybuild/software/TensorFlow/1.15.2-fosscuda-2019b-Python-3.7.4/lib/python3.7/site-packages/tensorflow_core/python/ops/math_grad.py:1424: where (from tensorflow.python.ops.array_ops) is deprecated and will be removed in a future version.
Instructions for updating:
Use tf.where in 2.0, which has the same broadcast rule as np.where
WARNING - tensorflow - From /nfs/cluster/easybuild/software/TensorFlow/1.15.2-fosscuda-2019b-Python-3.7.4/lib/python3.7/site-packages/tensorflow_core/python/ops/math_grad.py:1424: where (from tensorflow.python.ops.array_ops) is deprecated and will be removed in a future version.
Instructions for updating:
Use tf.where in 2.0, which has the same broadcast rule as np.where
Start experiment: dme - bcva_delta_m0_m3 - evenly distributed examples
Seed: 1
Loaded 80 files for dmenr and got 0 ids!
Loaded 29 files for dmer and got 0 ids!
Number of total eyes: 109
###### K-Fold split:  0
train indexes:  ['A001', 'A002', 'A007', 'A015', 'A019', 'A026', 'A028', 'A030', 'A034', 'A042', 'A044', 'A045', 'A047', 'A051', 'A059', 'A064', 'A067', 'A080', 'A087', 'A090', 'A092', 'A101', 'A105', 'A003', 'A004', 'A005', 'A006', 'A008', 'A009', 'A010', 'A012', 'A013', 'A016', 'A017', 'A020', 'A021', 'A022', 'A023', 'A024', 'A025', 'A031', 'A032', 'A033', 'A036', 'A038', 'A039', 'A040', 'A046', 'A048', 'A049', 'A050', 'A052', 'A053', 'A054', 'A055', 'A056', 'A057', 'A058', 'A060', 'A061', 'A062', 'A065', 'A068', 'A069', 'A071', 'A072', 'A073', 'A074', 'A075', 'A077', 'A079', 'A081', 'A083', 'A084', 'A085', 'A086', 'A091', 'A093', 'A094', 'A095', 'A097', 'A100', 'A102', 'A103', 'A104', 'A110', 'A111']
test indexes:  ['A027', 'A035', 'A037', 'A063', 'A066', 'A106', 'A011', 'A014', 'A029', 'A041', 'A043', 'A070', 'A076', 'A082', 'A088', 'A089', 'A096', 'A098', 'A099', 'A107', 'A108', 'A109']
test length (X/Y):  7 22
Epoch 1/100
Epoch 1/100
22/6 - 26s - loss: 0.0855 - ca: 0.7398
6/6 - 305s - loss: 0.3471 - ca: 0.4915 - val_loss: 0.1574 - val_ca: 0.7398
Epoch 2/100
Epoch 1/100
22/6 - 8s - loss: 0.0862 - ca: 0.7318
6/6 - 180s - loss: 0.3233 - ca: 0.5077 - val_loss: 0.1557 - val_ca: 0.7318
Epoch 3/100
Epoch 1/100
22/6 - 8s - loss: 0.0878 - ca: 0.7207
6/6 - 194s - loss: 0.3543 - ca: 0.4904 - val_loss: 0.1540 - val_ca: 0.7207
Epoch 4/100
Epoch 1/100
22/6 - 8s - loss: 0.0887 - ca: 0.7154
6/6 - 197s - loss: 0.3361 - ca: 0.4861 - val_loss: 0.1533 - val_ca: 0.7154
Epoch 5/100
Epoch 1/100
22/6 - 9s - loss: 0.0898 - ca: 0.7103
6/6 - 190s - loss: 0.2916 - ca: 0.5358 - val_loss: 0.1529 - val_ca: 0.7103
Epoch 6/100
Epoch 1/100
22/6 - 8s - loss: 0.0924 - ca: 0.6999
6/6 - 190s - loss: 0.2884 - ca: 0.5248 - val_loss: 0.1523 - val_ca: 0.6999
Epoch 7/100
Epoch 1/100
22/6 - 8s - loss: 0.0957 - ca: 0.6891
6/6 - 198s - loss: 0.2548 - ca: 0.5626 - val_loss: 0.1524 - val_ca: 0.6891
Epoch 8/100
Epoch 1/100
22/6 - 9s - loss: 0.0976 - ca: 0.6836
6/6 - 189s - loss: 0.2496 - ca: 0.5597 - val_loss: 0.1526 - val_ca: 0.6836
Epoch 9/100
Epoch 1/100
22/6 - 9s - loss: 0.1019 - ca: 0.6727
6/6 - 195s - loss: 0.2800 - ca: 0.5420 - val_loss: 0.1536 - val_ca: 0.6727
Epoch 10/100
Epoch 1/100
22/6 - 9s - loss: 0.1054 - ca: 0.6648
6/6 - 191s - loss: 0.2973 - ca: 0.5281 - val_loss: 0.1546 - val_ca: 0.6648
Epoch 11/100
Epoch 1/100
22/6 - 9s - loss: 0.1085 - ca: 0.6586
6/6 - 196s - loss: 0.2582 - ca: 0.5673 - val_loss: 0.1557 - val_ca: 0.6586
Epoch 12/100
Epoch 1/100
22/6 - 9s - loss: 0.1123 - ca: 0.6513
6/6 - 191s - loss: 0.2416 - ca: 0.5735 - val_loss: 0.1573 - val_ca: 0.6513
Epoch 13/100
Epoch 1/100
22/6 - 9s - loss: 0.1169 - ca: 0.6434
6/6 - 197s - loss: 0.2505 - ca: 0.5627 - val_loss: 0.1594 - val_ca: 0.6434
Epoch 14/100
Epoch 1/100
22/6 - 8s - loss: 0.1221 - ca: 0.6348
6/6 - 188s - loss: 0.2459 - ca: 0.5639 - val_loss: 0.1621 - val_ca: 0.6348
Epoch 15/100
Epoch 1/100
22/6 - 9s - loss: 0.1245 - ca: 0.6308
6/6 - 187s - loss: 0.2344 - ca: 0.5635 - val_loss: 0.1632 - val_ca: 0.6308
Epoch 16/100
Epoch 1/100
22/6 - 8s - loss: 0.1275 - ca: 0.6269
6/6 - 203s - loss: 0.2217 - ca: 0.5776 - val_loss: 0.1647 - val_ca: 0.6269
Epoch 17/100
Epoch 1/100
22/6 - 9s - loss: 0.1319 - ca: 0.6216
6/6 - 188s - loss: 0.2057 - ca: 0.6050 - val_loss: 0.1668 - val_ca: 0.6216
Epoch 18/100
Epoch 1/100
22/6 - 9s - loss: 0.1374 - ca: 0.6146
6/6 - 193s - loss: 0.2214 - ca: 0.5983 - val_loss: 0.1700 - val_ca: 0.6146
Epoch 19/100
Epoch 1/100
22/6 - 9s - loss: 0.1427 - ca: 0.6084
6/6 - 198s - loss: 0.2134 - ca: 0.6055 - val_loss: 0.1724 - val_ca: 0.6084
Epoch 20/100
Epoch 1/100
22/6 - 8s - loss: 0.1404 - ca: 0.6116
6/6 - 192s - loss: 0.2154 - ca: 0.5875 - val_loss: 0.1702 - val_ca: 0.6116
Epoch 21/100
Epoch 1/100
22/6 - 8s - loss: 0.1340 - ca: 0.6184
6/6 - 193s - loss: 0.2407 - ca: 0.5580 - val_loss: 0.1666 - val_ca: 0.6184
Epoch 22/100
Epoch 1/100
22/6 - 8s - loss: 0.1374 - ca: 0.6146
6/6 - 193s - loss: 0.2066 - ca: 0.5890 - val_loss: 0.1682 - val_ca: 0.6146
Epoch 23/100
Epoch 1/100
22/6 - 8s - loss: 0.1351 - ca: 0.6175
6/6 - 194s - loss: 0.2217 - ca: 0.5801 - val_loss: 0.1669 - val_ca: 0.6175
Epoch 24/100
Epoch 1/100
22/6 - 9s - loss: 0.1365 - ca: 0.6178
6/6 - 194s - loss: 0.1943 - ca: 0.6073 - val_loss: 0.1667 - val_ca: 0.6178
Epoch 25/100
Epoch 1/100
22/6 - 9s - loss: 0.1394 - ca: 0.6155
6/6 - 191s - loss: 0.2176 - ca: 0.5888 - val_loss: 0.1676 - val_ca: 0.6155
Epoch 26/100
Epoch 1/100
22/6 - 9s - loss: 0.1495 - ca: 0.6034
6/6 - 196s - loss: 0.2375 - ca: 0.5700 - val_loss: 0.1741 - val_ca: 0.6034
Epoch 27/100
Epoch 1/100
22/6 - 9s - loss: 0.1545 - ca: 0.5997
6/6 - 191s - loss: 0.1786 - ca: 0.6308 - val_loss: 0.1767 - val_ca: 0.5997
Epoch 28/100
Epoch 1/100
22/6 - 8s - loss: 0.1610 - ca: 0.5913
6/6 - 190s - loss: 0.2062 - ca: 0.6042 - val_loss: 0.1814 - val_ca: 0.5913
Epoch 29/100
Epoch 1/100
22/6 - 8s - loss: 0.1477 - ca: 0.6054
6/6 - 194s - loss: 0.1986 - ca: 0.6227 - val_loss: 0.1728 - val_ca: 0.6054
Epoch 30/100
Epoch 1/100
22/6 - 8s - loss: 0.1477 - ca: 0.6031
6/6 - 191s - loss: 0.2493 - ca: 0.5690 - val_loss: 0.1728 - val_ca: 0.6031
Epoch 31/100
Epoch 1/100
22/6 - 8s - loss: 0.1388 - ca: 0.6130
6/6 - 194s - loss: 0.2158 - ca: 0.5880 - val_loss: 0.1693 - val_ca: 0.6130
Epoch 32/100
Epoch 1/100
22/6 - 9s - loss: 0.1284 - ca: 0.6272
6/6 - 194s - loss: 0.1896 - ca: 0.6125 - val_loss: 0.1637 - val_ca: 0.6272
Epoch 33/100
Epoch 1/100
22/6 - 9s - loss: 0.1311 - ca: 0.6224
6/6 - 195s - loss: 0.2375 - ca: 0.5774 - val_loss: 0.1652 - val_ca: 0.6224
Epoch 34/100
Epoch 1/100
22/6 - 8s - loss: 0.1340 - ca: 0.6176
6/6 - 185s - loss: 0.2016 - ca: 0.6030 - val_loss: 0.1672 - val_ca: 0.6176
Epoch 35/100
Epoch 1/100
22/6 - 8s - loss: 0.1556 - ca: 0.5929
6/6 - 195s - loss: 0.2335 - ca: 0.5612 - val_loss: 0.1785 - val_ca: 0.5929
Epoch 36/100
Epoch 1/100
22/6 - 9s - loss: 0.1384 - ca: 0.6126
6/6 - 190s - loss: 0.2042 - ca: 0.5861 - val_loss: 0.1691 - val_ca: 0.6126
Epoch 37/100
Epoch 1/100
22/6 - 8s - loss: 0.1289 - ca: 0.6242
6/6 - 193s - loss: 0.2019 - ca: 0.5952 - val_loss: 0.1649 - val_ca: 0.6242
Epoch 38/100
Epoch 1/100
22/6 - 9s - loss: 0.1149 - ca: 0.6461
6/6 - 192s - loss: 0.1837 - ca: 0.6258 - val_loss: 0.1584 - val_ca: 0.6461
Epoch 39/100
Epoch 1/100
22/6 - 9s - loss: 0.1111 - ca: 0.6527
6/6 - 190s - loss: 0.1739 - ca: 0.6453 - val_loss: 0.1571 - val_ca: 0.6527
Epoch 40/100
Epoch 1/100
22/6 - 8s - loss: 0.1093 - ca: 0.6563
6/6 - 187s - loss: 0.1771 - ca: 0.6507 - val_loss: 0.1563 - val_ca: 0.6563
Epoch 41/100
Epoch 1/100
22/6 - 9s - loss: 0.1131 - ca: 0.6486
6/6 - 189s - loss: 0.2286 - ca: 0.6008 - val_loss: 0.1581 - val_ca: 0.6486
Epoch 42/100
Epoch 1/100
22/6 - 8s - loss: 0.1118 - ca: 0.6515
6/6 - 197s - loss: 0.1948 - ca: 0.6312 - val_loss: 0.1572 - val_ca: 0.6515
Epoch 43/100
Epoch 1/100
22/6 - 8s - loss: 0.1078 - ca: 0.6597
6/6 - 189s - loss: 0.1822 - ca: 0.6409 - val_loss: 0.1550 - val_ca: 0.6597
Epoch 44/100
Epoch 1/100
22/6 - 9s - loss: 0.1059 - ca: 0.6635
6/6 - 194s - loss: 0.1790 - ca: 0.6535 - val_loss: 0.1542 - val_ca: 0.6635
Epoch 45/100
Epoch 1/100
22/6 - 9s - loss: 0.1265 - ca: 0.6280
6/6 - 183s - loss: 0.2030 - ca: 0.6144 - val_loss: 0.1621 - val_ca: 0.6280
Epoch 46/100
Epoch 1/100
22/6 - 9s - loss: 0.1245 - ca: 0.6311
6/6 - 186s - loss: 0.1776 - ca: 0.6378 - val_loss: 0.1608 - val_ca: 0.6311
Epoch 47/100
Epoch 1/100
22/6 - 9s - loss: 0.1101 - ca: 0.6550
6/6 - 193s - loss: 0.1799 - ca: 0.6372 - val_loss: 0.1542 - val_ca: 0.6550
Epoch 48/100
Epoch 1/100
22/6 - 9s - loss: 0.0977 - ca: 0.6824
6/6 - 190s - loss: 0.1445 - ca: 0.6883 - val_loss: 0.1496 - val_ca: 0.6824
Epoch 49/100
Epoch 1/100
22/6 - 8s - loss: 0.0989 - ca: 0.6799
6/6 - 187s - loss: 0.2002 - ca: 0.6402 - val_loss: 0.1519 - val_ca: 0.6799
Epoch 50/100
Epoch 1/100
22/6 - 8s - loss: 0.0994 - ca: 0.6784
6/6 - 191s - loss: 0.1617 - ca: 0.6758 - val_loss: 0.1528 - val_ca: 0.6784
Epoch 51/100
Epoch 1/100
22/6 - 8s - loss: 0.1008 - ca: 0.6750
6/6 - 194s - loss: 0.1683 - ca: 0.6645 - val_loss: 0.1531 - val_ca: 0.6750
Epoch 52/100
Epoch 1/100
22/6 - 8s - loss: 0.1019 - ca: 0.6725
6/6 - 190s - loss: 0.2150 - ca: 0.6146 - val_loss: 0.1536 - val_ca: 0.6725
Epoch 53/100
Epoch 1/100
22/6 - 8s - loss: 0.1013 - ca: 0.6739
6/6 - 196s - loss: 0.2083 - ca: 0.6216 - val_loss: 0.1534 - val_ca: 0.6739
Epoch 54/100
Epoch 1/100
22/6 - 8s - loss: 0.0944 - ca: 0.6932
6/6 - 198s - loss: 0.1274 - ca: 0.7016 - val_loss: 0.1523 - val_ca: 0.6932
Epoch 55/100
Epoch 1/100
22/6 - 8s - loss: 0.0986 - ca: 0.6809
6/6 - 192s - loss: 0.1970 - ca: 0.6368 - val_loss: 0.1523 - val_ca: 0.6809
Epoch 56/100
Epoch 1/100
22/6 - 9s - loss: 0.0976 - ca: 0.6836
6/6 - 194s - loss: 0.1833 - ca: 0.6367 - val_loss: 0.1521 - val_ca: 0.6836
Epoch 57/100
Epoch 1/100
22/6 - 8s - loss: 0.0932 - ca: 0.6966
6/6 - 198s - loss: 0.1656 - ca: 0.6622 - val_loss: 0.1515 - val_ca: 0.6966
Epoch 58/100
Epoch 1/100
22/6 - 9s - loss: 0.0935 - ca: 0.6955
6/6 - 198s - loss: 0.1975 - ca: 0.6361 - val_loss: 0.1515 - val_ca: 0.6955
Epoch 59/100
Epoch 1/100
22/6 - 8s - loss: 0.0936 - ca: 0.6941
6/6 - 192s - loss: 0.1880 - ca: 0.6393 - val_loss: 0.1525 - val_ca: 0.6941
Epoch 60/100
Epoch 1/100
22/6 - 8s - loss: 0.1031 - ca: 0.6668
6/6 - 190s - loss: 0.2026 - ca: 0.6163 - val_loss: 0.1521 - val_ca: 0.6668
Epoch 61/100
Epoch 1/100
22/6 - 9s - loss: 0.1033 - ca: 0.6668
6/6 - 192s - loss: 0.1721 - ca: 0.6402 - val_loss: 0.1482 - val_ca: 0.6668
Epoch 00061: early stopping
### metrics for #0 cv-run (avg of last 10 metrics of the run):
loss: 0.185687
ca: 0.640559
val_loss: 0.151938
val_ca: 0.682387
lr: 0.001000
### average:
avg loss:  0.19 (+/- 0.00) (max: 0.19) (min: 0.19)
avg ca:  64.06% (+/- 0.00) (max: 64.06%) (min: 64.06%)
avg val_loss:  0.15 (+/- 0.00) (max: 0.15) (min: 0.15)
avg val_ca:  68.24% (+/- 0.00) (max: 68.24%) (min: 68.24%)
avg lr:  0.00 (+/- 0.00) (max: 0.00) (min: 0.00)
###### K-Fold split:  1
train indexes:  ['A001', 'A002', 'A007', 'A015', 'A019', 'A026', 'A027', 'A030', 'A034', 'A035', 'A037', 'A042', 'A045', 'A047', 'A059', 'A063', 'A064', 'A066', 'A067', 'A080', 'A087', 'A101', 'A106', 'A003', 'A004', 'A006', 'A008', 'A010', 'A011', 'A013', 'A014', 'A016', 'A020', 'A021', 'A022', 'A023', 'A024', 'A029', 'A031', 'A032', 'A033', 'A036', 'A038', 'A039', 'A040', 'A041', 'A043', 'A046', 'A048', 'A049', 'A053', 'A054', 'A055', 'A056', 'A057', 'A058', 'A060', 'A062', 'A068', 'A069', 'A070', 'A072', 'A073', 'A076', 'A077', 'A079', 'A082', 'A083', 'A084', 'A085', 'A088', 'A089', 'A091', 'A094', 'A095', 'A096', 'A097', 'A098', 'A099', 'A100', 'A103', 'A104', 'A107', 'A108', 'A109', 'A110', 'A111']
test indexes:  ['A028', 'A044', 'A051', 'A090', 'A092', 'A105', 'A005', 'A009', 'A012', 'A017', 'A025', 'A050', 'A052', 'A061', 'A065', 'A071', 'A074', 'A075', 'A081', 'A086', 'A093', 'A102']
test length (X/Y):  7 22
Epoch 1/100
Epoch 1/100
22/6 - 29s - loss: 0.5858 - ca: 0.3116
6/6 - 341s - loss: 0.3617 - ca: 0.4811 - val_loss: 0.5293 - val_ca: 0.3116
Epoch 2/100
Epoch 1/100
22/6 - 8s - loss: 0.5823 - ca: 0.3131
6/6 - 191s - loss: 0.3627 - ca: 0.4733 - val_loss: 0.5262 - val_ca: 0.3131
Epoch 3/100
Epoch 1/100
22/6 - 9s - loss: 0.5743 - ca: 0.3167
6/6 - 191s - loss: 0.3150 - ca: 0.5160 - val_loss: 0.5193 - val_ca: 0.3167
Epoch 4/100
Epoch 1/100
22/6 - 8s - loss: 0.5676 - ca: 0.3197
6/6 - 191s - loss: 0.3371 - ca: 0.4926 - val_loss: 0.5135 - val_ca: 0.3197
Epoch 5/100
Epoch 1/100
22/6 - 9s - loss: 0.5660 - ca: 0.3205
6/6 - 195s - loss: 0.3044 - ca: 0.5138 - val_loss: 0.5121 - val_ca: 0.3205
Epoch 6/100
Epoch 1/100
22/6 - 9s - loss: 0.5621 - ca: 0.3222
6/6 - 194s - loss: 0.2730 - ca: 0.5475 - val_loss: 0.5087 - val_ca: 0.3222
Epoch 7/100
Epoch 1/100
22/6 - 9s - loss: 0.5467 - ca: 0.3292
6/6 - 191s - loss: 0.3420 - ca: 0.4792 - val_loss: 0.4954 - val_ca: 0.3292
Epoch 8/100
Epoch 1/100
22/6 - 9s - loss: 0.5290 - ca: 0.3375
6/6 - 190s - loss: 0.3422 - ca: 0.4753 - val_loss: 0.4802 - val_ca: 0.3375
Epoch 9/100
Epoch 1/100
22/6 - 9s - loss: 0.5287 - ca: 0.3377
6/6 - 191s - loss: 0.2783 - ca: 0.5287 - val_loss: 0.4799 - val_ca: 0.3377
Epoch 10/100
Epoch 1/100
22/6 - 8s - loss: 0.5162 - ca: 0.3436
6/6 - 189s - loss: 0.2870 - ca: 0.5306 - val_loss: 0.4692 - val_ca: 0.3436
Epoch 11/100
Epoch 1/100
22/6 - 9s - loss: 0.5104 - ca: 0.3464
6/6 - 189s - loss: 0.3053 - ca: 0.5174 - val_loss: 0.4642 - val_ca: 0.3464
Epoch 12/100
Epoch 1/100
22/6 - 9s - loss: 0.5049 - ca: 0.3491
6/6 - 193s - loss: 0.2476 - ca: 0.5568 - val_loss: 0.4594 - val_ca: 0.3491
Epoch 13/100
Epoch 1/100
22/6 - 9s - loss: 0.5011 - ca: 0.3512
6/6 - 193s - loss: 0.2819 - ca: 0.5204 - val_loss: 0.4561 - val_ca: 0.3512
Epoch 14/100
Epoch 1/100
22/6 - 8s - loss: 0.4898 - ca: 0.3567
6/6 - 197s - loss: 0.2591 - ca: 0.5475 - val_loss: 0.4463 - val_ca: 0.3567
Epoch 15/100
Epoch 1/100
22/6 - 9s - loss: 0.4858 - ca: 0.3588
6/6 - 190s - loss: 0.2714 - ca: 0.5228 - val_loss: 0.4429 - val_ca: 0.3588
Epoch 16/100
Epoch 1/100
22/6 - 9s - loss: 0.4797 - ca: 0.3619
6/6 - 190s - loss: 0.2366 - ca: 0.5597 - val_loss: 0.4376 - val_ca: 0.3619
Epoch 17/100
Epoch 1/100
22/6 - 9s - loss: 0.4508 - ca: 0.3766
6/6 - 196s - loss: 0.2646 - ca: 0.5364 - val_loss: 0.4133 - val_ca: 0.3766
Epoch 18/100
Epoch 1/100
22/6 - 9s - loss: 0.4310 - ca: 0.3878
6/6 - 189s - loss: 0.2536 - ca: 0.5345 - val_loss: 0.3962 - val_ca: 0.3878
Epoch 19/100
Epoch 1/100
22/6 - 8s - loss: 0.4101 - ca: 0.3994
6/6 - 192s - loss: 0.2741 - ca: 0.5217 - val_loss: 0.3786 - val_ca: 0.3994
Epoch 20/100
Epoch 1/100
22/6 - 8s - loss: 0.4016 - ca: 0.4055
6/6 - 189s - loss: 0.2157 - ca: 0.5832 - val_loss: 0.3707 - val_ca: 0.4055
Epoch 21/100
Epoch 1/100
22/6 - 9s - loss: 0.3924 - ca: 0.4109
6/6 - 185s - loss: 0.2892 - ca: 0.5014 - val_loss: 0.3630 - val_ca: 0.4109
Epoch 22/100
Epoch 1/100
22/6 - 8s - loss: 0.3790 - ca: 0.4179
6/6 - 192s - loss: 0.2254 - ca: 0.5677 - val_loss: 0.3522 - val_ca: 0.4179
Epoch 23/100
Epoch 1/100
22/6 - 8s - loss: 0.3784 - ca: 0.4189
6/6 - 195s - loss: 0.2370 - ca: 0.5561 - val_loss: 0.3512 - val_ca: 0.4189
Epoch 24/100
Epoch 1/100
22/6 - 8s - loss: 0.3842 - ca: 0.4168
6/6 - 192s - loss: 0.2250 - ca: 0.5680 - val_loss: 0.3550 - val_ca: 0.4168
Epoch 25/100
Epoch 1/100
22/6 - 8s - loss: 0.3571 - ca: 0.4344
6/6 - 186s - loss: 0.2291 - ca: 0.5650 - val_loss: 0.3318 - val_ca: 0.4344
Epoch 26/100
Epoch 1/100
22/6 - 8s - loss: 0.3443 - ca: 0.4437
6/6 - 190s - loss: 0.2313 - ca: 0.5656 - val_loss: 0.3204 - val_ca: 0.4437
Epoch 27/100
Epoch 1/100
22/6 - 8s - loss: 0.3232 - ca: 0.4554
6/6 - 199s - loss: 0.2597 - ca: 0.5333 - val_loss: 0.3041 - val_ca: 0.4554
Epoch 28/100
Epoch 1/100
22/6 - 9s - loss: 0.3183 - ca: 0.4578
6/6 - 193s - loss: 0.2243 - ca: 0.5626 - val_loss: 0.3005 - val_ca: 0.4578
Epoch 29/100
Epoch 1/100
22/6 - 8s - loss: 0.3060 - ca: 0.4631
6/6 - 197s - loss: 0.2224 - ca: 0.5734 - val_loss: 0.2928 - val_ca: 0.4631
Epoch 30/100
Epoch 1/100
22/6 - 8s - loss: 0.2896 - ca: 0.4742
6/6 - 186s - loss: 0.1950 - ca: 0.6032 - val_loss: 0.2804 - val_ca: 0.4742
Epoch 31/100
Epoch 1/100
22/6 - 9s - loss: 0.2848 - ca: 0.4778
6/6 - 190s - loss: 0.2313 - ca: 0.5683 - val_loss: 0.2763 - val_ca: 0.4778
Epoch 32/100
Epoch 1/100
22/6 - 8s - loss: 0.2760 - ca: 0.4876
6/6 - 197s - loss: 0.1822 - ca: 0.6346 - val_loss: 0.2674 - val_ca: 0.4876
Epoch 33/100
Epoch 1/100
22/6 - 9s - loss: 0.2662 - ca: 0.4950
6/6 - 192s - loss: 0.2246 - ca: 0.5821 - val_loss: 0.2596 - val_ca: 0.4950
Epoch 34/100
Epoch 1/100
22/6 - 8s - loss: 0.2644 - ca: 0.4955
6/6 - 192s - loss: 0.2382 - ca: 0.5739 - val_loss: 0.2592 - val_ca: 0.4955
Epoch 35/100
Epoch 1/100
22/6 - 9s - loss: 0.2747 - ca: 0.4866
6/6 - 188s - loss: 0.2057 - ca: 0.6061 - val_loss: 0.2681 - val_ca: 0.4866
Epoch 36/100
Epoch 1/100
22/6 - 9s - loss: 0.2601 - ca: 0.4999
6/6 - 190s - loss: 0.1839 - ca: 0.6273 - val_loss: 0.2563 - val_ca: 0.4999
Epoch 37/100
Epoch 1/100
22/6 - 9s - loss: 0.2428 - ca: 0.5129
6/6 - 194s - loss: 0.2244 - ca: 0.5837 - val_loss: 0.2446 - val_ca: 0.5129
Epoch 38/100
Epoch 1/100
22/6 - 9s - loss: 0.2125 - ca: 0.5432
6/6 - 195s - loss: 0.1495 - ca: 0.6706 - val_loss: 0.2205 - val_ca: 0.5432
Epoch 39/100
Epoch 1/100
22/6 - 8s - loss: 0.2006 - ca: 0.5440
6/6 - 181s - loss: 0.2297 - ca: 0.5780 - val_loss: 0.2166 - val_ca: 0.5440
Epoch 40/100
Epoch 1/100
22/6 - 9s - loss: 0.1879 - ca: 0.5611
6/6 - 181s - loss: 0.1841 - ca: 0.6273 - val_loss: 0.2055 - val_ca: 0.5611
Epoch 41/100
Epoch 1/100
22/6 - 8s - loss: 0.1771 - ca: 0.5715
6/6 - 184s - loss: 0.2093 - ca: 0.6067 - val_loss: 0.2000 - val_ca: 0.5715
Epoch 42/100
Epoch 1/100
22/6 - 9s - loss: 0.1788 - ca: 0.5653
6/6 - 188s - loss: 0.2087 - ca: 0.6170 - val_loss: 0.2048 - val_ca: 0.5653
Epoch 43/100
Epoch 1/100
22/6 - 8s - loss: 0.1774 - ca: 0.5636
6/6 - 192s - loss: 0.1831 - ca: 0.6352 - val_loss: 0.2069 - val_ca: 0.5636
Epoch 44/100
Epoch 1/100
22/6 - 9s - loss: 0.1616 - ca: 0.5753
6/6 - 194s - loss: 0.1668 - ca: 0.6470 - val_loss: 0.2002 - val_ca: 0.5753
Epoch 45/100
Epoch 1/100
22/6 - 9s - loss: 0.1514 - ca: 0.5985
6/6 - 193s - loss: 0.1846 - ca: 0.6373 - val_loss: 0.1891 - val_ca: 0.5985
Epoch 46/100
Epoch 1/100
22/6 - 8s - loss: 0.1316 - ca: 0.6202
6/6 - 196s - loss: 0.1742 - ca: 0.6446 - val_loss: 0.1809 - val_ca: 0.6202
Epoch 47/100
Epoch 1/100
22/6 - 9s - loss: 0.1230 - ca: 0.6275
6/6 - 192s - loss: 0.1796 - ca: 0.6404 - val_loss: 0.1777 - val_ca: 0.6275
Epoch 48/100
Epoch 1/100
22/6 - 8s - loss: 0.1088 - ca: 0.6546
6/6 - 190s - loss: 0.1651 - ca: 0.6681 - val_loss: 0.1659 - val_ca: 0.6546
Epoch 49/100
Epoch 1/100
22/6 - 9s - loss: 0.1085 - ca: 0.6591
6/6 - 185s - loss: 0.1710 - ca: 0.6609 - val_loss: 0.1658 - val_ca: 0.6591
Epoch 50/100
Epoch 1/100
22/6 - 8s - loss: 0.0974 - ca: 0.6969
6/6 - 195s - loss: 0.1294 - ca: 0.7213 - val_loss: 0.1590 - val_ca: 0.6969
Epoch 51/100
Epoch 1/100
22/6 - 8s - loss: 0.0990 - ca: 0.6994
6/6 - 192s - loss: 0.1654 - ca: 0.6773 - val_loss: 0.1611 - val_ca: 0.6994
Epoch 52/100
Epoch 1/100
22/6 - 9s - loss: 0.1035 - ca: 0.7022
6/6 - 187s - loss: 0.1817 - ca: 0.6587 - val_loss: 0.1614 - val_ca: 0.7022
Epoch 53/100
Epoch 1/100
22/6 - 9s - loss: 0.1051 - ca: 0.6938
6/6 - 196s - loss: 0.1851 - ca: 0.6568 - val_loss: 0.1618 - val_ca: 0.6938
Epoch 54/100
Epoch 1/100
22/6 - 9s - loss: 0.1003 - ca: 0.7033
6/6 - 192s - loss: 0.1215 - ca: 0.7230 - val_loss: 0.1591 - val_ca: 0.7033
Epoch 55/100
Epoch 1/100
22/6 - 9s - loss: 0.1008 - ca: 0.7087
6/6 - 191s - loss: 0.1482 - ca: 0.6885 - val_loss: 0.1632 - val_ca: 0.7087
Epoch 56/100
Epoch 1/100
22/6 - 9s - loss: 0.1044 - ca: 0.7252
6/6 - 191s - loss: 0.1563 - ca: 0.6984 - val_loss: 0.1691 - val_ca: 0.7252
Epoch 57/100
Epoch 1/100
22/6 - 8s - loss: 0.1167 - ca: 0.7148
6/6 - 198s - loss: 0.1541 - ca: 0.6935 - val_loss: 0.1793 - val_ca: 0.7148
Epoch 58/100
Epoch 1/100
22/6 - 8s - loss: 0.0972 - ca: 0.7278
6/6 - 192s - loss: 0.2025 - ca: 0.6455 - val_loss: 0.1652 - val_ca: 0.7278
Epoch 59/100
Epoch 1/100
22/6 - 8s - loss: 0.0990 - ca: 0.7095
6/6 - 197s - loss: 0.1834 - ca: 0.6681 - val_loss: 0.1664 - val_ca: 0.7095
Epoch 60/100
Epoch 1/100
22/6 - 9s - loss: 0.1088 - ca: 0.7161
6/6 - 197s - loss: 0.1880 - ca: 0.6583 - val_loss: 0.1745 - val_ca: 0.7161
Epoch 61/100
Epoch 1/100
22/6 - 9s - loss: 0.1437 - ca: 0.6883
6/6 - 195s - loss: 0.1671 - ca: 0.6782 - val_loss: 0.1959 - val_ca: 0.6883
Epoch 62/100
Epoch 1/100
22/6 - 9s - loss: 0.1406 - ca: 0.6922
6/6 - 189s - loss: 0.1649 - ca: 0.6706 - val_loss: 0.1906 - val_ca: 0.6922
Epoch 63/100
Epoch 1/100
22/6 - 8s - loss: 0.1539 - ca: 0.7098
6/6 - 189s - loss: 0.1483 - ca: 0.7012 - val_loss: 0.1976 - val_ca: 0.7098
Epoch 64/100
Epoch 1/100
22/6 - 9s - loss: 0.1372 - ca: 0.6956
6/6 - 191s - loss: 0.2019 - ca: 0.6365 - val_loss: 0.1868 - val_ca: 0.6956
Epoch 65/100
Epoch 1/100
22/6 - 8s - loss: 0.1369 - ca: 0.7157
6/6 - 193s - loss: 0.1536 - ca: 0.6710 - val_loss: 0.1882 - val_ca: 0.7157
Epoch 66/100
Epoch 1/100
22/6 - 9s - loss: 0.1385 - ca: 0.7065
6/6 - 192s - loss: 0.1523 - ca: 0.6998 - val_loss: 0.1933 - val_ca: 0.7065
Epoch 67/100
Epoch 1/100
22/6 - 9s - loss: 0.1422 - ca: 0.7200
6/6 - 191s - loss: 0.1367 - ca: 0.7169 - val_loss: 0.1974 - val_ca: 0.7200
Epoch 68/100
Epoch 1/100
22/6 - 8s - loss: 0.1374 - ca: 0.7231
6/6 - 191s - loss: 0.1813 - ca: 0.6698 - val_loss: 0.1884 - val_ca: 0.7231
Epoch 69/100
Epoch 1/100
22/6 - 9s - loss: 0.0896 - ca: 0.7429
6/6 - 210s - loss: 0.1720 - ca: 0.6728 - val_loss: 0.1574 - val_ca: 0.7429
Epoch 70/100
Epoch 1/100
22/6 - 9s - loss: 0.1102 - ca: 0.7331
6/6 - 192s - loss: 0.1410 - ca: 0.6997 - val_loss: 0.1694 - val_ca: 0.7331
Epoch 71/100
Epoch 1/100
22/6 - 9s - loss: 0.1355 - ca: 0.7290
6/6 - 188s - loss: 0.1352 - ca: 0.7104 - val_loss: 0.1842 - val_ca: 0.7290
Epoch 72/100
Epoch 1/100
22/6 - 9s - loss: 0.0910 - ca: 0.7358
6/6 - 192s - loss: 0.1790 - ca: 0.6739 - val_loss: 0.1597 - val_ca: 0.7358
Epoch 73/100
Epoch 1/100
22/6 - 8s - loss: 0.0857 - ca: 0.7473
6/6 - 189s - loss: 0.1347 - ca: 0.7163 - val_loss: 0.1623 - val_ca: 0.7473
Epoch 74/100
Epoch 1/100
22/6 - 8s - loss: 0.1100 - ca: 0.7037
6/6 - 186s - loss: 0.1447 - ca: 0.7124 - val_loss: 0.1768 - val_ca: 0.7037
Epoch 75/100
Epoch 1/100
22/6 - 8s - loss: 0.1197 - ca: 0.7027
6/6 - 190s - loss: 0.1430 - ca: 0.7063 - val_loss: 0.1861 - val_ca: 0.7027
Epoch 76/100
Epoch 1/100
22/6 - 8s - loss: 0.1564 - ca: 0.6847
6/6 - 189s - loss: 0.1767 - ca: 0.6717 - val_loss: 0.2121 - val_ca: 0.6847
Epoch 77/100
Epoch 1/100
22/6 - 8s - loss: 0.1188 - ca: 0.7024
6/6 - 189s - loss: 0.1358 - ca: 0.7118 - val_loss: 0.1836 - val_ca: 0.7024
Epoch 78/100
Epoch 1/100
22/6 - 9s - loss: 0.1593 - ca: 0.7027
6/6 - 193s - loss: 0.1224 - ca: 0.7435 - val_loss: 0.2163 - val_ca: 0.7027
Epoch 79/100
Epoch 1/100
22/6 - 8s - loss: 0.1704 - ca: 0.7097
6/6 - 193s - loss: 0.1324 - ca: 0.7241 - val_loss: 0.2245 - val_ca: 0.7097
Epoch 80/100
Epoch 1/100
22/6 - 9s - loss: 0.1714 - ca: 0.7196
6/6 - 193s - loss: 0.1422 - ca: 0.7331 - val_loss: 0.2223 - val_ca: 0.7196
Epoch 81/100
Epoch 1/100
22/6 - 9s - loss: 0.1033 - ca: 0.7502
6/6 - 192s - loss: 0.1411 - ca: 0.7182 - val_loss: 0.1753 - val_ca: 0.7502
Epoch 82/100
Epoch 1/100
22/6 - 9s - loss: 0.1402 - ca: 0.7327
6/6 - 198s - loss: 0.1374 - ca: 0.7226 - val_loss: 0.1998 - val_ca: 0.7327
Epoch 83/100
Epoch 1/100
22/6 - 8s - loss: 0.1362 - ca: 0.7382
6/6 - 193s - loss: 0.1073 - ca: 0.7592 - val_loss: 0.1971 - val_ca: 0.7382
Epoch 84/100
Epoch 1/100
22/6 - 8s - loss: 0.1483 - ca: 0.7355
6/6 - 187s - loss: 0.1456 - ca: 0.7055 - val_loss: 0.2039 - val_ca: 0.7355
Epoch 85/100
Epoch 1/100
22/6 - 8s - loss: 0.1209 - ca: 0.7493
6/6 - 190s - loss: 0.1606 - ca: 0.6952 - val_loss: 0.1818 - val_ca: 0.7493
Epoch 86/100
Epoch 1/100
22/6 - 8s - loss: 0.0854 - ca: 0.7856
6/6 - 195s - loss: 0.0977 - ca: 0.7693 - val_loss: 0.1542 - val_ca: 0.7856
Epoch 87/100
Epoch 1/100
22/6 - 9s - loss: 0.0761 - ca: 0.7969
6/6 - 193s - loss: 0.1268 - ca: 0.7290 - val_loss: 0.1393 - val_ca: 0.7969
Epoch 88/100
Epoch 1/100
22/6 - 8s - loss: 0.0781 - ca: 0.7978
6/6 - 193s - loss: 0.1097 - ca: 0.7643 - val_loss: 0.1540 - val_ca: 0.7978
Epoch 89/100
Epoch 1/100
22/6 - 9s - loss: 0.0887 - ca: 0.7901
6/6 - 196s - loss: 0.1029 - ca: 0.7766 - val_loss: 0.1768 - val_ca: 0.7901
Epoch 90/100
Epoch 1/100
22/6 - 8s - loss: 0.0772 - ca: 0.7837
6/6 - 197s - loss: 0.1538 - ca: 0.7049 - val_loss: 0.1450 - val_ca: 0.7837
Epoch 91/100
Epoch 1/100
22/6 - 9s - loss: 0.0882 - ca: 0.7689
6/6 - 195s - loss: 0.1388 - ca: 0.7176 - val_loss: 0.1743 - val_ca: 0.7689
Epoch 92/100
Epoch 1/100
22/6 - 8s - loss: 0.0816 - ca: 0.7770
6/6 - 197s - loss: 0.1549 - ca: 0.6901 - val_loss: 0.1345 - val_ca: 0.7770
Epoch 93/100
Epoch 1/100
22/6 - 9s - loss: 0.0792 - ca: 0.7874
6/6 - 188s - loss: 0.1550 - ca: 0.6999 - val_loss: 0.1537 - val_ca: 0.7874
Epoch 94/100
Epoch 1/100
22/6 - 9s - loss: 0.0827 - ca: 0.7831
6/6 - 197s - loss: 0.1280 - ca: 0.7248 - val_loss: 0.1622 - val_ca: 0.7831
Epoch 95/100
Epoch 1/100
22/6 - 9s - loss: 0.0828 - ca: 0.7870
6/6 - 188s - loss: 0.1076 - ca: 0.7614 - val_loss: 0.1621 - val_ca: 0.7870
Epoch 96/100
Epoch 1/100
22/6 - 9s - loss: 0.0883 - ca: 0.7761
6/6 - 197s - loss: 0.1286 - ca: 0.7305 - val_loss: 0.1566 - val_ca: 0.7761
Epoch 97/100
Epoch 1/100
22/6 - 9s - loss: 0.1153 - ca: 0.7849
6/6 - 185s - loss: 0.0828 - ca: 0.7896 - val_loss: 0.1445 - val_ca: 0.7849
Epoch 98/100
Epoch 1/100
22/6 - 8s - loss: 0.0812 - ca: 0.7838
6/6 - 190s - loss: 0.1345 - ca: 0.7339 - val_loss: 0.1371 - val_ca: 0.7838
Epoch 99/100
Epoch 1/100
22/6 - 9s - loss: 0.0854 - ca: 0.7773
6/6 - 193s - loss: 0.1124 - ca: 0.7467 - val_loss: 0.1587 - val_ca: 0.7773
Epoch 100/100
Epoch 1/100
22/6 - 8s - loss: 0.1266 - ca: 0.7651
6/6 - 191s - loss: 0.1166 - ca: 0.7514 - val_loss: 0.1584 - val_ca: 0.7651
### metrics for #1 cv-run (avg of last 10 metrics of the run):
loss: 0.125918
ca: 0.734597
val_loss: 0.154213
val_ca: 0.779060
lr: 0.001000
### average:
avg loss:  0.16 (+/- 0.03) (max: 0.19) (min: 0.13)
avg ca:  68.76% (+/- 4.70) (max: 73.46%) (min: 64.06%)
avg val_loss:  0.15 (+/- 0.00) (max: 0.15) (min: 0.15)
avg val_ca:  73.07% (+/- 4.83) (max: 77.91%) (min: 68.24%)
avg lr:  0.00 (+/- 0.00) (max: 0.00) (min: 0.00)
###### K-Fold split:  2
train indexes:  ['A002', 'A007', 'A015', 'A019', 'A026', 'A027', 'A028', 'A030', 'A034', 'A035', 'A037', 'A042', 'A044', 'A051', 'A059', 'A063', 'A066', 'A080', 'A087', 'A090', 'A092', 'A105', 'A106', 'A003', 'A004', 'A005', 'A009', 'A010', 'A011', 'A012', 'A013', 'A014', 'A017', 'A020', 'A021', 'A023', 'A024', 'A025', 'A029', 'A041', 'A043', 'A046', 'A048', 'A049', 'A050', 'A052', 'A053', 'A054', 'A055', 'A056', 'A057', 'A058', 'A060', 'A061', 'A065', 'A068', 'A069', 'A070', 'A071', 'A074', 'A075', 'A076', 'A079', 'A081', 'A082', 'A083', 'A084', 'A085', 'A086', 'A088', 'A089', 'A091', 'A093', 'A095', 'A096', 'A097', 'A098', 'A099', 'A100', 'A102', 'A103', 'A104', 'A107', 'A108', 'A109', 'A110', 'A111']
test indexes:  ['A001', 'A045', 'A047', 'A064', 'A067', 'A101', 'A006', 'A008', 'A016', 'A022', 'A031', 'A032', 'A033', 'A036', 'A038', 'A039', 'A040', 'A062', 'A072', 'A073', 'A077', 'A094']
test length (X/Y):  7 22
Epoch 1/100
Epoch 1/100
22/6 - 29s - loss: 0.1955 - ca: 0.5461
6/6 - 342s - loss: 0.3304 - ca: 0.5075 - val_loss: 0.2093 - val_ca: 0.5461
Epoch 2/100
Epoch 1/100
22/6 - 8s - loss: 0.1976 - ca: 0.5442
6/6 - 192s - loss: 0.3110 - ca: 0.5257 - val_loss: 0.2108 - val_ca: 0.5442
Epoch 3/100
Epoch 1/100
22/6 - 9s - loss: 0.2041 - ca: 0.5382
6/6 - 189s - loss: 0.3653 - ca: 0.4915 - val_loss: 0.2155 - val_ca: 0.5382
Epoch 4/100
Epoch 1/100
22/6 - 8s - loss: 0.2031 - ca: 0.5392
6/6 - 192s - loss: 0.3223 - ca: 0.5215 - val_loss: 0.2148 - val_ca: 0.5392
Epoch 5/100
Epoch 1/100
22/6 - 8s - loss: 0.2107 - ca: 0.5323
6/6 - 189s - loss: 0.3620 - ca: 0.4716 - val_loss: 0.2203 - val_ca: 0.5323
Epoch 6/100
Epoch 1/100
22/6 - 9s - loss: 0.2129 - ca: 0.5305
6/6 - 185s - loss: 0.3120 - ca: 0.5242 - val_loss: 0.2219 - val_ca: 0.5305
Epoch 7/100
Epoch 1/100
22/6 - 9s - loss: 0.2171 - ca: 0.5268
6/6 - 193s - loss: 0.3450 - ca: 0.4895 - val_loss: 0.2250 - val_ca: 0.5268
Epoch 8/100
Epoch 1/100
22/6 - 8s - loss: 0.2276 - ca: 0.5180
6/6 - 187s - loss: 0.3450 - ca: 0.4781 - val_loss: 0.2328 - val_ca: 0.5180
Epoch 9/100
Epoch 1/100
22/6 - 8s - loss: 0.2299 - ca: 0.5161
6/6 - 195s - loss: 0.2554 - ca: 0.5593 - val_loss: 0.2346 - val_ca: 0.5161
Epoch 10/100
Epoch 1/100
22/6 - 8s - loss: 0.2363 - ca: 0.5110
6/6 - 196s - loss: 0.3059 - ca: 0.5129 - val_loss: 0.2393 - val_ca: 0.5110
Epoch 11/100
Epoch 1/100
22/6 - 9s - loss: 0.2387 - ca: 0.5091
6/6 - 197s - loss: 0.2971 - ca: 0.5149 - val_loss: 0.2411 - val_ca: 0.5091
Epoch 12/100
Epoch 1/100
22/6 - 8s - loss: 0.2447 - ca: 0.5045
6/6 - 194s - loss: 0.2957 - ca: 0.5067 - val_loss: 0.2455 - val_ca: 0.5045
Epoch 13/100
Epoch 1/100
22/6 - 9s - loss: 0.2554 - ca: 0.4963
6/6 - 191s - loss: 0.2995 - ca: 0.5138 - val_loss: 0.2538 - val_ca: 0.4963
Epoch 14/100
Epoch 1/100
22/6 - 9s - loss: 0.2560 - ca: 0.4959
6/6 - 191s - loss: 0.3009 - ca: 0.5099 - val_loss: 0.2541 - val_ca: 0.4959
Epoch 15/100
Epoch 1/100
22/6 - 8s - loss: 0.2658 - ca: 0.4886
6/6 - 190s - loss: 0.2843 - ca: 0.5136 - val_loss: 0.2618 - val_ca: 0.4886
Epoch 16/100
Epoch 1/100
22/6 - 9s - loss: 0.2638 - ca: 0.4903
6/6 - 195s - loss: 0.2570 - ca: 0.5290 - val_loss: 0.2600 - val_ca: 0.4903
Epoch 17/100
Epoch 1/100
22/6 - 8s - loss: 0.2613 - ca: 0.4923
6/6 - 189s - loss: 0.2673 - ca: 0.5221 - val_loss: 0.2580 - val_ca: 0.4923
Epoch 18/100
Epoch 1/100
22/6 - 9s - loss: 0.2624 - ca: 0.4918
6/6 - 194s - loss: 0.2398 - ca: 0.5478 - val_loss: 0.2586 - val_ca: 0.4918
Epoch 19/100
Epoch 1/100
22/6 - 8s - loss: 0.2713 - ca: 0.4857
6/6 - 195s - loss: 0.2046 - ca: 0.5868 - val_loss: 0.2654 - val_ca: 0.4857
Epoch 20/100
Epoch 1/100
22/6 - 8s - loss: 0.2594 - ca: 0.4946
6/6 - 193s - loss: 0.2631 - ca: 0.5443 - val_loss: 0.2560 - val_ca: 0.4946
Epoch 21/100
Epoch 1/100
22/6 - 8s - loss: 0.2629 - ca: 0.4924
6/6 - 189s - loss: 0.2820 - ca: 0.5176 - val_loss: 0.2584 - val_ca: 0.4924
Epoch 22/100
Epoch 1/100
22/6 - 9s - loss: 0.2604 - ca: 0.4943
6/6 - 190s - loss: 0.2496 - ca: 0.5434 - val_loss: 0.2563 - val_ca: 0.4943
Epoch 23/100
Epoch 1/100
22/6 - 9s - loss: 0.2585 - ca: 0.4963
6/6 - 189s - loss: 0.2399 - ca: 0.5453 - val_loss: 0.2543 - val_ca: 0.4963
Epoch 24/100
Epoch 1/100
22/6 - 9s - loss: 0.2531 - ca: 0.5015
6/6 - 195s - loss: 0.2498 - ca: 0.5419 - val_loss: 0.2491 - val_ca: 0.5015
Epoch 25/100
Epoch 1/100
22/6 - 8s - loss: 0.2568 - ca: 0.5012
6/6 - 195s - loss: 0.2111 - ca: 0.5850 - val_loss: 0.2504 - val_ca: 0.5012
Epoch 26/100
Epoch 1/100
22/6 - 9s - loss: 0.2527 - ca: 0.5037
6/6 - 193s - loss: 0.2751 - ca: 0.5208 - val_loss: 0.2470 - val_ca: 0.5037
Epoch 27/100
Epoch 1/100
22/6 - 8s - loss: 0.2364 - ca: 0.5175
6/6 - 186s - loss: 0.2442 - ca: 0.5489 - val_loss: 0.2336 - val_ca: 0.5175
Epoch 28/100
Epoch 1/100
22/6 - 8s - loss: 0.2239 - ca: 0.5281
6/6 - 185s - loss: 0.2383 - ca: 0.5670 - val_loss: 0.2236 - val_ca: 0.5281
Epoch 29/100
Epoch 1/100
22/6 - 8s - loss: 0.2274 - ca: 0.5251
6/6 - 188s - loss: 0.2566 - ca: 0.5596 - val_loss: 0.2267 - val_ca: 0.5251
Epoch 30/100
Epoch 1/100
22/6 - 8s - loss: 0.2101 - ca: 0.5385
6/6 - 192s - loss: 0.2201 - ca: 0.5810 - val_loss: 0.2147 - val_ca: 0.5385
Epoch 31/100
Epoch 1/100
22/6 - 8s - loss: 0.1816 - ca: 0.5647
6/6 - 196s - loss: 0.2327 - ca: 0.5618 - val_loss: 0.1936 - val_ca: 0.5647
Epoch 32/100
Epoch 1/100
22/6 - 9s - loss: 0.1876 - ca: 0.5572
6/6 - 191s - loss: 0.2362 - ca: 0.5744 - val_loss: 0.1993 - val_ca: 0.5572
Epoch 33/100
Epoch 1/100
22/6 - 9s - loss: 0.2099 - ca: 0.5360
6/6 - 190s - loss: 0.2585 - ca: 0.5304 - val_loss: 0.2165 - val_ca: 0.5360
Epoch 34/100
Epoch 1/100
22/6 - 8s - loss: 0.1749 - ca: 0.5688
6/6 - 190s - loss: 0.2150 - ca: 0.5852 - val_loss: 0.1909 - val_ca: 0.5688
Epoch 35/100
Epoch 1/100
22/6 - 8s - loss: 0.1454 - ca: 0.6012
6/6 - 187s - loss: 0.2228 - ca: 0.5874 - val_loss: 0.1722 - val_ca: 0.6012
Epoch 36/100
Epoch 1/100
22/6 - 9s - loss: 0.1577 - ca: 0.5864
6/6 - 196s - loss: 0.2332 - ca: 0.5721 - val_loss: 0.1811 - val_ca: 0.5864
Epoch 37/100
Epoch 1/100
22/6 - 9s - loss: 0.1537 - ca: 0.5909
6/6 - 190s - loss: 0.2486 - ca: 0.5473 - val_loss: 0.1791 - val_ca: 0.5909
Epoch 38/100
Epoch 1/100
22/6 - 8s - loss: 0.1429 - ca: 0.6043
6/6 - 195s - loss: 0.2336 - ca: 0.5668 - val_loss: 0.1713 - val_ca: 0.6043
Epoch 39/100
Epoch 1/100
22/6 - 8s - loss: 0.1382 - ca: 0.6104
6/6 - 192s - loss: 0.2032 - ca: 0.6001 - val_loss: 0.1681 - val_ca: 0.6104
Epoch 40/100
Epoch 1/100
22/6 - 8s - loss: 0.1452 - ca: 0.6020
6/6 - 179s - loss: 0.2308 - ca: 0.5718 - val_loss: 0.1728 - val_ca: 0.6020
Epoch 41/100
Epoch 1/100
22/6 - 8s - loss: 0.1734 - ca: 0.5696
6/6 - 188s - loss: 0.2454 - ca: 0.5640 - val_loss: 0.1927 - val_ca: 0.5696
Epoch 42/100
Epoch 1/100
22/6 - 8s - loss: 0.1694 - ca: 0.5744
6/6 - 181s - loss: 0.2519 - ca: 0.5467 - val_loss: 0.1891 - val_ca: 0.5744
Epoch 43/100
Epoch 1/100
22/6 - 8s - loss: 0.1540 - ca: 0.5917
6/6 - 184s - loss: 0.2270 - ca: 0.5826 - val_loss: 0.1789 - val_ca: 0.5917
Epoch 44/100
Epoch 1/100
22/6 - 9s - loss: 0.1467 - ca: 0.6007
6/6 - 196s - loss: 0.2218 - ca: 0.5810 - val_loss: 0.1747 - val_ca: 0.6007
Epoch 45/100
Epoch 1/100
22/6 - 8s - loss: 0.1281 - ca: 0.6260
6/6 - 192s - loss: 0.2038 - ca: 0.6001 - val_loss: 0.1636 - val_ca: 0.6260
Epoch 46/100
Epoch 1/100
22/6 - 9s - loss: 0.1460 - ca: 0.6017
6/6 - 188s - loss: 0.2133 - ca: 0.5981 - val_loss: 0.1743 - val_ca: 0.6017
Epoch 47/100
Epoch 1/100
22/6 - 8s - loss: 0.1259 - ca: 0.6297
6/6 - 193s - loss: 0.2131 - ca: 0.5881 - val_loss: 0.1624 - val_ca: 0.6297
Epoch 48/100
Epoch 1/100
22/6 - 9s - loss: 0.1148 - ca: 0.6474
6/6 - 188s - loss: 0.2456 - ca: 0.5648 - val_loss: 0.1575 - val_ca: 0.6474
Epoch 49/100
Epoch 1/100
22/6 - 8s - loss: 0.1002 - ca: 0.6769
6/6 - 192s - loss: 0.1807 - ca: 0.6360 - val_loss: 0.1516 - val_ca: 0.6769
Epoch 50/100
Epoch 1/100
22/6 - 8s - loss: 0.1124 - ca: 0.6514
6/6 - 191s - loss: 0.2476 - ca: 0.5663 - val_loss: 0.1557 - val_ca: 0.6514
Epoch 51/100
Epoch 1/100
22/6 - 9s - loss: 0.1269 - ca: 0.6283
6/6 - 190s - loss: 0.1698 - ca: 0.6515 - val_loss: 0.1611 - val_ca: 0.6283
Epoch 52/100
Epoch 1/100
22/6 - 8s - loss: 0.1465 - ca: 0.6017
6/6 - 195s - loss: 0.1995 - ca: 0.6196 - val_loss: 0.1733 - val_ca: 0.6017
Epoch 53/100
Epoch 1/100
22/6 - 8s - loss: 0.1239 - ca: 0.6322
6/6 - 194s - loss: 0.2194 - ca: 0.5889 - val_loss: 0.1588 - val_ca: 0.6322
Epoch 54/100
Epoch 1/100
22/6 - 8s - loss: 0.1125 - ca: 0.6511
6/6 - 188s - loss: 0.2212 - ca: 0.5817 - val_loss: 0.1523 - val_ca: 0.6511
Epoch 55/100
Epoch 1/100
22/6 - 8s - loss: 0.1072 - ca: 0.6610
6/6 - 191s - loss: 0.2197 - ca: 0.5880 - val_loss: 0.1495 - val_ca: 0.6610
Epoch 56/100
Epoch 1/100
22/6 - 8s - loss: 0.0993 - ca: 0.6786
6/6 - 192s - loss: 0.2002 - ca: 0.6247 - val_loss: 0.1515 - val_ca: 0.6786
Epoch 57/100
Epoch 1/100
22/6 - 8s - loss: 0.0984 - ca: 0.6815
6/6 - 191s - loss: 0.1692 - ca: 0.6519 - val_loss: 0.1521 - val_ca: 0.6815
Epoch 58/100
Epoch 1/100
22/6 - 8s - loss: 0.1189 - ca: 0.6392
6/6 - 191s - loss: 0.2094 - ca: 0.6208 - val_loss: 0.1606 - val_ca: 0.6392
Epoch 59/100
Epoch 1/100
22/6 - 8s - loss: 0.1056 - ca: 0.6653
6/6 - 193s - loss: 0.1646 - ca: 0.6574 - val_loss: 0.1550 - val_ca: 0.6653
Epoch 60/100
Epoch 1/100
22/6 - 9s - loss: 0.1335 - ca: 0.6172
6/6 - 188s - loss: 0.1967 - ca: 0.6288 - val_loss: 0.1685 - val_ca: 0.6172
Epoch 61/100
Epoch 1/100
22/6 - 9s - loss: 0.1362 - ca: 0.6151
6/6 - 196s - loss: 0.2140 - ca: 0.5990 - val_loss: 0.1674 - val_ca: 0.6151
Epoch 62/100
Epoch 1/100
22/6 - 9s - loss: 0.1215 - ca: 0.6362
6/6 - 192s - loss: 0.2472 - ca: 0.5541 - val_loss: 0.1583 - val_ca: 0.6362
Epoch 63/100
Epoch 1/100
22/6 - 8s - loss: 0.1237 - ca: 0.6336
6/6 - 195s - loss: 0.1941 - ca: 0.6078 - val_loss: 0.1565 - val_ca: 0.6336
Epoch 64/100
Epoch 1/100
22/6 - 9s - loss: 0.1205 - ca: 0.6381
6/6 - 196s - loss: 0.1967 - ca: 0.6089 - val_loss: 0.1545 - val_ca: 0.6381
Epoch 65/100
Epoch 1/100
22/6 - 9s - loss: 0.1356 - ca: 0.6157
6/6 - 194s - loss: 0.2276 - ca: 0.5637 - val_loss: 0.1641 - val_ca: 0.6157
Epoch 66/100
Epoch 1/100
22/6 - 9s - loss: 0.1117 - ca: 0.6513
6/6 - 188s - loss: 0.2063 - ca: 0.5883 - val_loss: 0.1506 - val_ca: 0.6513
Epoch 67/100
Epoch 1/100
22/6 - 9s - loss: 0.1039 - ca: 0.6677
6/6 - 191s - loss: 0.1998 - ca: 0.6121 - val_loss: 0.1411 - val_ca: 0.6677
Epoch 68/100
Epoch 1/100
22/6 - 9s - loss: 0.1254 - ca: 0.6351
6/6 - 186s - loss: 0.2012 - ca: 0.6074 - val_loss: 0.1543 - val_ca: 0.6351
Epoch 69/100
Epoch 1/100
22/6 - 9s - loss: 0.0996 - ca: 0.6780
6/6 - 195s - loss: 0.1957 - ca: 0.6064 - val_loss: 0.1383 - val_ca: 0.6780
Epoch 70/100
Epoch 1/100
22/6 - 9s - loss: 0.1259 - ca: 0.6337
6/6 - 188s - loss: 0.2396 - ca: 0.5604 - val_loss: 0.1546 - val_ca: 0.6337
Epoch 71/100
Epoch 1/100
22/6 - 9s - loss: 0.1158 - ca: 0.6476
6/6 - 194s - loss: 0.1941 - ca: 0.6062 - val_loss: 0.1494 - val_ca: 0.6476
Epoch 72/100
Epoch 1/100
22/6 - 9s - loss: 0.0998 - ca: 0.6757
6/6 - 189s - loss: 0.1978 - ca: 0.6050 - val_loss: 0.1403 - val_ca: 0.6757
Epoch 73/100
Epoch 1/100
22/6 - 8s - loss: 0.1002 - ca: 0.6763
6/6 - 187s - loss: 0.1956 - ca: 0.6069 - val_loss: 0.1410 - val_ca: 0.6763
Epoch 74/100
Epoch 1/100
22/6 - 8s - loss: 0.1491 - ca: 0.6091
6/6 - 194s - loss: 0.2179 - ca: 0.5910 - val_loss: 0.1708 - val_ca: 0.6091
Epoch 75/100
Epoch 1/100
22/6 - 9s - loss: 0.1144 - ca: 0.6580
6/6 - 192s - loss: 0.1835 - ca: 0.6148 - val_loss: 0.1496 - val_ca: 0.6580
Epoch 76/100
Epoch 1/100
22/6 - 9s - loss: 0.1025 - ca: 0.6785
6/6 - 192s - loss: 0.1864 - ca: 0.6299 - val_loss: 0.1420 - val_ca: 0.6785
Epoch 77/100
Epoch 1/100
22/6 - 9s - loss: 0.0899 - ca: 0.7009
6/6 - 196s - loss: 0.1876 - ca: 0.6310 - val_loss: 0.1391 - val_ca: 0.7009
Epoch 78/100
Epoch 1/100
22/6 - 8s - loss: 0.0953 - ca: 0.6883
6/6 - 188s - loss: 0.1874 - ca: 0.6300 - val_loss: 0.1468 - val_ca: 0.6883
Epoch 79/100
Epoch 1/100
22/6 - 9s - loss: 0.0990 - ca: 0.6788
6/6 - 192s - loss: 0.2086 - ca: 0.6047 - val_loss: 0.1444 - val_ca: 0.6788
Epoch 80/100
Epoch 1/100
22/6 - 8s - loss: 0.1090 - ca: 0.6607
6/6 - 196s - loss: 0.2037 - ca: 0.5981 - val_loss: 0.1505 - val_ca: 0.6607
Epoch 81/100
Epoch 1/100
22/6 - 8s - loss: 0.0997 - ca: 0.6790
6/6 - 189s - loss: 0.1851 - ca: 0.6239 - val_loss: 0.1498 - val_ca: 0.6790
Epoch 82/100
Epoch 1/100
22/6 - 9s - loss: 0.0930 - ca: 0.6960
6/6 - 193s - loss: 0.1639 - ca: 0.6539 - val_loss: 0.1458 - val_ca: 0.6960
Epoch 83/100
Epoch 1/100
22/6 - 8s - loss: 0.1061 - ca: 0.6686
6/6 - 196s - loss: 0.2082 - ca: 0.6018 - val_loss: 0.1498 - val_ca: 0.6686
Epoch 84/100
Epoch 1/100
22/6 - 8s - loss: 0.0878 - ca: 0.7119
6/6 - 194s - loss: 0.1779 - ca: 0.6373 - val_loss: 0.1442 - val_ca: 0.7119
Epoch 85/100
Epoch 1/100
22/6 - 9s - loss: 0.0890 - ca: 0.7148
6/6 - 189s - loss: 0.1444 - ca: 0.6863 - val_loss: 0.1474 - val_ca: 0.7148
Epoch 86/100
Epoch 1/100
22/6 - 8s - loss: 0.0824 - ca: 0.7394
6/6 - 195s - loss: 0.1853 - ca: 0.6477 - val_loss: 0.1483 - val_ca: 0.7394
Epoch 87/100
Epoch 1/100
22/6 - 8s - loss: 0.0830 - ca: 0.7394
6/6 - 200s - loss: 0.1686 - ca: 0.6563 - val_loss: 0.1501 - val_ca: 0.7394
Epoch 88/100
Epoch 1/100
22/6 - 8s - loss: 0.0829 - ca: 0.7382
6/6 - 195s - loss: 0.1616 - ca: 0.6754 - val_loss: 0.1492 - val_ca: 0.7382
Epoch 89/100
Epoch 1/100
22/6 - 8s - loss: 0.0806 - ca: 0.7549
6/6 - 192s - loss: 0.1419 - ca: 0.6982 - val_loss: 0.1509 - val_ca: 0.7549
Epoch 90/100
Epoch 1/100
22/6 - 9s - loss: 0.0807 - ca: 0.7517
6/6 - 195s - loss: 0.1668 - ca: 0.6869 - val_loss: 0.1498 - val_ca: 0.7517
Epoch 91/100
Epoch 1/100
22/6 - 9s - loss: 0.0814 - ca: 0.7421
6/6 - 196s - loss: 0.1899 - ca: 0.6543 - val_loss: 0.1469 - val_ca: 0.7421
Epoch 92/100
Epoch 1/100
22/6 - 9s - loss: 0.0827 - ca: 0.7369
6/6 - 193s - loss: 0.1703 - ca: 0.6747 - val_loss: 0.1475 - val_ca: 0.7369
Epoch 93/100
Epoch 1/100
22/6 - 8s - loss: 0.0879 - ca: 0.7213
6/6 - 188s - loss: 0.1881 - ca: 0.6367 - val_loss: 0.1500 - val_ca: 0.7213
Epoch 94/100
Epoch 1/100
22/6 - 8s - loss: 0.0839 - ca: 0.7422
6/6 - 187s - loss: 0.1780 - ca: 0.6507 - val_loss: 0.1528 - val_ca: 0.7422
Epoch 95/100
Epoch 1/100
22/6 - 9s - loss: 0.0831 - ca: 0.7553
6/6 - 189s - loss: 0.1615 - ca: 0.6668 - val_loss: 0.1553 - val_ca: 0.7553
slurmstepd: error: Detected 4 oom-kill event(s) in step 947936.0 cgroup. Some of your processes may have been killed by the cgroup out-of-memory handler.
srun: error: clara29: task 0: Out Of Memory
slurmstepd: error: Detected 4 oom-kill event(s) in step 947936.batch cgroup. Some of your processes may have been killed by the cgroup out-of-memory handler.
